{"timestamp":"2024-01-15T10:00:00.001Z","level":"INFO","message":"Service starting","service_name":"payment-service","correlation_id":"init-001"}
{"timestamp":"2024-01-15T10:00:00.025Z","level":"DEBUG","message":"Loading payment providers","service_name":"payment-service","correlation_id":"init-001"}
{"timestamp":"2024-01-15T10:00:00.050Z","level":"INFO","message":"Stripe provider initialized","service_name":"payment-service","correlation_id":"init-001"}
{"timestamp":"2024-01-15T10:00:00.075Z","level":"INFO","message":"PayPal provider initialized","service_name":"payment-service","correlation_id":"init-001"}
{"timestamp":"2024-01-15T10:00:00.100Z","level":"INFO","message":"Service ready","service_name":"payment-service","correlation_id":"init-001"}
{"timestamp":"2024-01-15T10:00:15.200Z","level":"INFO","message":"Processing payment request","service_name":"payment-service","correlation_id":"pay-abc123","amount":99.99,"currency":"USD"}
{"timestamp":"2024-01-15T10:00:15.220Z","level":"DEBUG","message":"Validating card details","service_name":"payment-service","correlation_id":"pay-abc123"}
{"timestamp":"2024-01-15T10:00:15.250Z","level":"DEBUG","message":"Card validated: VISA ending 4242","service_name":"payment-service","correlation_id":"pay-abc123"}
{"timestamp":"2024-01-15T10:00:15.300Z","level":"DEBUG","message":"Submitting to Stripe","service_name":"payment-service","correlation_id":"pay-abc123"}
{"timestamp":"2024-01-15T10:00:15.500Z","level":"INFO","message":"Payment successful","service_name":"payment-service","correlation_id":"pay-abc123","transaction_id":"txn_1234567890"}
{"timestamp":"2024-01-15T10:00:30.100Z","level":"INFO","message":"Processing refund request","service_name":"payment-service","correlation_id":"ref-xyz789","transaction_id":"txn_0987654321"}
{"timestamp":"2024-01-15T10:00:30.150Z","level":"DEBUG","message":"Verifying original transaction","service_name":"payment-service","correlation_id":"ref-xyz789"}
{"timestamp":"2024-01-15T10:00:30.200Z","level":"DEBUG","message":"Transaction verified, processing refund","service_name":"payment-service","correlation_id":"ref-xyz789"}
{"timestamp":"2024-01-15T10:00:30.400Z","level":"INFO","message":"Refund completed","service_name":"payment-service","correlation_id":"ref-xyz789","refund_id":"re_abcdef"}
{"timestamp":"2024-01-15T10:00:45.000Z","level":"INFO","message":"Processing payment request","service_name":"payment-service","correlation_id":"pay-def456","amount":250.00,"currency":"EUR"}
{"timestamp":"2024-01-15T10:00:45.020Z","level":"DEBUG","message":"Validating card details","service_name":"payment-service","correlation_id":"pay-def456"}
{"timestamp":"2024-01-15T10:00:45.050Z","level":"WARN","message":"Card expiring soon","service_name":"payment-service","correlation_id":"pay-def456","expires":"02/2024"}
{"timestamp":"2024-01-15T10:00:45.100Z","level":"DEBUG","message":"Submitting to Stripe","service_name":"payment-service","correlation_id":"pay-def456"}
{"timestamp":"2024-01-15T10:00:45.350Z","level":"ERROR","message":"Payment declined","service_name":"payment-service","correlation_id":"pay-def456","error_code":"card_declined","decline_reason":"insufficient_funds"}
{"timestamp":"2024-01-15T10:01:00.000Z","level":"INFO","message":"Processing payment request","service_name":"payment-service","correlation_id":"pay-ghi789","amount":15.00,"currency":"USD"}
{"timestamp":"2024-01-15T10:01:00.050Z","level":"DEBUG","message":"Using PayPal provider","service_name":"payment-service","correlation_id":"pay-ghi789"}
{"timestamp":"2024-01-15T10:01:00.200Z","level":"INFO","message":"PayPal payment initiated","service_name":"payment-service","correlation_id":"pay-ghi789"}
{"timestamp":"2024-01-15T10:01:00.500Z","level":"INFO","message":"Payment completed","service_name":"payment-service","correlation_id":"pay-ghi789","paypal_id":"PAY-123456"}
{"timestamp":"2024-01-15T10:01:15.000Z","level":"DEBUG","message":"Running fraud check batch","service_name":"payment-service","correlation_id":"fraud-001"}
{"timestamp":"2024-01-15T10:01:15.200Z","level":"WARN","message":"Suspicious pattern detected","service_name":"payment-service","correlation_id":"fraud-001","pattern":"rapid_small_transactions","account":"acc_12345"}
{"timestamp":"2024-01-15T10:01:15.300Z","level":"INFO","message":"Fraud alert generated","service_name":"payment-service","correlation_id":"fraud-001","alert_id":"alert_789"}
{"timestamp":"2024-01-15T10:01:30.000Z","level":"INFO","message":"Daily settlement started","service_name":"payment-service","correlation_id":"settle-daily"}
{"timestamp":"2024-01-15T10:01:30.500Z","level":"DEBUG","message":"Processing 1,234 transactions","service_name":"payment-service","correlation_id":"settle-daily"}
{"timestamp":"2024-01-15T10:01:32.000Z","level":"INFO","message":"Settlement completed","service_name":"payment-service","correlation_id":"settle-daily","total_amount":45678.90,"transaction_count":1234}
