2024-01-15 10:00:00.001 [INFO] Application starting up
2024-01-15 10:00:00.015 [DEBUG] Loading configuration from /etc/app/config.yaml
2024-01-15 10:00:00.023 [DEBUG] Configuration loaded successfully
2024-01-15 10:00:00.045 [INFO] Database connection pool initialized with 10 connections
2024-01-15 10:00:00.067 [DEBUG] Registering HTTP routes
2024-01-15 10:00:00.089 [INFO] HTTP server listening on 0.0.0.0:8080
2024-01-15 10:00:00.102 [DEBUG] Health check endpoint registered at /health
2024-01-15 10:00:00.115 [INFO] Application startup complete
2024-01-15 10:00:05.234 [INFO] Incoming request: GET /api/users
2024-01-15 10:00:05.256 [DEBUG] Authenticating request with JWT token
2024-01-15 10:00:05.278 [DEBUG] Token validated successfully for user_id=42
2024-01-15 10:00:05.301 [DEBUG] Executing query: SELECT * FROM users WHERE active = true
2024-01-15 10:00:05.423 [INFO] Query returned 150 users
2024-01-15 10:00:05.445 [DEBUG] Serializing response payload
2024-01-15 10:00:05.467 [INFO] Request completed: GET /api/users - 200 OK (233ms)
2024-01-15 10:00:12.100 [INFO] Incoming request: POST /api/orders
2024-01-15 10:00:12.115 [DEBUG] Parsing request body
2024-01-15 10:00:12.130 [DEBUG] Validating order payload
2024-01-15 10:00:12.145 [WARN] Order amount exceeds threshold: $5000.00
2024-01-15 10:00:12.160 [DEBUG] Checking inventory for SKU-12345
2024-01-15 10:00:12.190 [DEBUG] Inventory check passed: 50 units available
2024-01-15 10:00:12.220 [INFO] Order ORD-2024-0042 created successfully
2024-01-15 10:00:12.250 [DEBUG] Sending order confirmation email
2024-01-15 10:00:12.350 [INFO] Request completed: POST /api/orders - 201 Created (250ms)
2024-01-15 10:00:25.500 [INFO] Incoming request: GET /api/products/999
2024-01-15 10:00:25.515 [DEBUG] Looking up product by ID: 999
2024-01-15 10:00:25.530 [WARN] Product not found in cache, querying database
2024-01-15 10:00:25.560 [ERROR] Product not found: ID 999 does not exist
2024-01-15 10:00:25.575 [INFO] Request completed: GET /api/products/999 - 404 Not Found (75ms)
2024-01-15 10:00:30.000 [DEBUG] Running scheduled task: cleanup_sessions
2024-01-15 10:00:30.050 [INFO] Cleaned up 23 expired sessions
2024-01-15 10:00:45.100 [INFO] Incoming request: PUT /api/users/42
2024-01-15 10:00:45.115 [DEBUG] Authenticating request
2024-01-15 10:00:45.130 [DEBUG] Authorization check: user 42 updating own profile
2024-01-15 10:00:45.145 [DEBUG] Validating update payload
2024-01-15 10:00:45.160 [WARN] Email format validation warning: unusual TLD detected
2024-01-15 10:00:45.175 [DEBUG] Executing update query
2024-01-15 10:00:45.220 [INFO] User 42 profile updated successfully
2024-01-15 10:00:45.235 [INFO] Request completed: PUT /api/users/42 - 200 OK (135ms)
2024-01-15 10:00:58.000 [INFO] Incoming request: DELETE /api/orders/OLD-001
2024-01-15 10:00:58.015 [DEBUG] Authenticating request
2024-01-15 10:00:58.030 [DEBUG] Authorization check: admin deleting order
2024-01-15 10:00:58.045 [ERROR] Delete failed: Cannot delete order with status=SHIPPED
2024-01-15 10:00:58.060 [INFO] Request completed: DELETE /api/orders/OLD-001 - 409 Conflict (60ms)
2024-01-15 10:01:00.000 [DEBUG] Running scheduled task: metrics_export
2024-01-15 10:01:00.100 [DEBUG] Collected 45 metric data points
2024-01-15 10:01:00.200 [INFO] Metrics exported to monitoring service
2024-01-15 10:01:15.500 [WARN] High memory usage detected: 85% of available heap
2024-01-15 10:01:15.515 [DEBUG] Triggering garbage collection
2024-01-15 10:01:15.800 [INFO] Memory usage reduced to 62% after GC
2024-01-15 10:01:30.000 [INFO] Incoming request: POST /api/auth/login
2024-01-15 10:01:30.015 [DEBUG] Validating credentials for user: admin@example.com
2024-01-15 10:01:30.100 [ERROR] Login failed: Invalid password (attempt 3/5)
2024-01-15 10:01:30.115 [WARN] Account admin@example.com approaching lockout threshold
2024-01-15 10:01:30.130 [INFO] Request completed: POST /api/auth/login - 401 Unauthorized (130ms)
