[26-01-20 18:39:25] [INFO    ] [-|-] UpdateOrchestrationPlugin 초기화 완료 (buffer_size=100000)
[26-01-20 18:39:25] [INFO    ] [-|-] Active Update 시작: CRYPTO-BINANCE-SPOT
[26-01-20 18:39:25] [INFO    ] [-|-] 마켓 리스트 조회 완료: 2개 마켓
[26-01-20 18:39:25] [DEBUG   ] [-|-] 처리 중 (1/2): BTC-USDT-1h
[26-01-20 18:39:25] [DEBUG   ] [-|-] 데이터 조회 완료: CRYPTO-BINANCE-SPOT-BTC-USDT-1h - 1 rows
[26-01-20 18:39:25] [DEBUG   ] [-|-] 처리 중 (2/2): ETH-USDT-1h
[26-01-20 18:39:25] [DEBUG   ] [-|-] 데이터 조회 완료: CRYPTO-BINANCE-SPOT-ETH-USDT-1h - 1 rows
[26-01-20 18:39:25] [INFO    ] [-|-] 마지막 버퍼 flush (2 rows)
[26-01-20 18:39:25] [INFO    ] [-|-] Active Update 완료: 성공 2, 실패 0, 총 2 rows
[26-01-20 18:39:25] [INFO    ] [-|-] UpdateOrchestrationPlugin 초기화 완료 (buffer_size=100000)
[26-01-20 18:39:25] [INFO    ] [-|-] Active Update 시작: CRYPTO-BINANCE-SPOT
[26-01-20 18:39:25] [INFO    ] [-|-] 마켓 리스트 조회 완료: 3개 마켓
[26-01-20 18:39:25] [DEBUG   ] [-|-] 처리 중 (1/3): BTC-USDT-1h
[26-01-20 18:39:25] [DEBUG   ] [-|-] 데이터 조회 완료: CRYPTO-BINANCE-SPOT-BTC-USDT-1h - 6 rows
[26-01-20 18:39:25] [DEBUG   ] [-|-] 처리 중 (2/3): ETH-USDT-1h
[26-01-20 18:39:25] [DEBUG   ] [-|-] 데이터 조회 완료: CRYPTO-BINANCE-SPOT-ETH-USDT-1h - 5 rows
[26-01-20 18:39:25] [INFO    ] [-|-] 버퍼 오버플로우 (11 rows) - bulk_save 실행
[26-01-20 18:39:25] [DEBUG   ] [-|-] 처리 중 (3/3): XRP-USDT-1h
[26-01-20 18:39:25] [DEBUG   ] [-|-] 데이터 조회 완료: CRYPTO-BINANCE-SPOT-XRP-USDT-1h - 4 rows
[26-01-20 18:39:25] [INFO    ] [-|-] 마지막 버퍼 flush (4 rows)
[26-01-20 18:39:25] [INFO    ] [-|-] Active Update 완료: 성공 3, 실패 0, 총 15 rows
[26-01-20 18:39:25] [INFO    ] [-|-] UpdateOrchestrationPlugin 초기화 완료 (buffer_size=100000)
[26-01-20 18:39:25] [INFO    ] [-|-] Active Update 시작: CRYPTO-BINANCE-SPOT
[26-01-20 18:39:25] [INFO    ] [-|-] 마켓 리스트 조회 완료: 3개 마켓
[26-01-20 18:39:25] [DEBUG   ] [-|-] 처리 중 (1/3): BTC-USDT-1h
[26-01-20 18:39:25] [DEBUG   ] [-|-] 데이터 조회 완료: CRYPTO-BINANCE-SPOT-BTC-USDT-1h - 1 rows
[26-01-20 18:39:25] [DEBUG   ] [-|-] 처리 중 (2/3): ETH-USDT-1h
[26-01-20 18:39:25] [ERROR   ] [-|-] Symbol 처리 실패: ETH-USDT-1h - Network error
[26-01-20 18:39:25] [DEBUG   ] [-|-] 처리 중 (3/3): XRP-USDT-1h
[26-01-20 18:39:25] [DEBUG   ] [-|-] 데이터 조회 완료: CRYPTO-BINANCE-SPOT-XRP-USDT-1h - 0 rows
[26-01-20 18:39:25] [INFO    ] [-|-] 마지막 버퍼 flush (1 rows)
[26-01-20 18:39:25] [INFO    ] [-|-] Active Update 완료: 성공 2, 실패 1, 총 1 rows
[26-01-20 18:39:25] [INFO    ] [-|-] UpdateOrchestrationPlugin 초기화 완료 (buffer_size=100000)
[26-01-20 18:39:25] [INFO    ] [-|-] Active Update 시작: CRYPTO-BINANCE-SPOT
[26-01-20 18:39:25] [INFO    ] [-|-] 마켓 리스트 조회 완료: 1개 마켓
[26-01-20 18:39:25] [DEBUG   ] [-|-] 처리 중 (1/3): BTC-USDT-1h
[26-01-20 18:39:25] [DEBUG   ] [-|-] 데이터 조회 완료: CRYPTO-BINANCE-SPOT-BTC-USDT-1h - 1 rows
[26-01-20 18:39:25] [DEBUG   ] [-|-] 처리 중 (2/3): BTC-USDT-1d
[26-01-20 18:39:25] [DEBUG   ] [-|-] 데이터 조회 완료: CRYPTO-BINANCE-SPOT-BTC-USDT-1d - 1 rows
[26-01-20 18:39:25] [DEBUG   ] [-|-] 처리 중 (3/3): BTC-USDT-1m
[26-01-20 18:39:25] [DEBUG   ] [-|-] 데이터 조회 완료: CRYPTO-BINANCE-SPOT-BTC-USDT-1m - 1 rows
[26-01-20 18:39:25] [INFO    ] [-|-] 마지막 버퍼 flush (3 rows)
[26-01-20 18:39:25] [INFO    ] [-|-] Active Update 완료: 성공 3, 실패 0, 총 3 rows
[26-01-20 18:39:25] [INFO    ] [-|-] UpdateOrchestrationPlugin 초기화 완료 (buffer_size=100000)
[26-01-20 18:39:25] [INFO    ] [-|-] Passive Update 시작: archetype=CRYPTO, exchange=BINANCE, tradetype=None
[26-01-20 18:39:25] [INFO    ] [-|-] 조건에 맞는 Symbol 개수: 2
[26-01-20 18:39:25] [DEBUG   ] [-|-] 처리 중 (1/2): CRYPTO-BINANCE-SPOT-BTC-USDT-1h
[26-01-20 18:39:25] [DEBUG   ] [-|-] 데이터 조회 완료: CRYPTO-BINANCE-SPOT-BTC-USDT-1h - 1 rows
[26-01-20 18:39:25] [DEBUG   ] [-|-] 처리 중 (2/2): CRYPTO-BINANCE-SPOT-ETH-USDT-1h
[26-01-20 18:39:25] [DEBUG   ] [-|-] 데이터 조회 완료: CRYPTO-BINANCE-SPOT-ETH-USDT-1h - 1 rows
[26-01-20 18:39:25] [INFO    ] [-|-] 마지막 버퍼 flush (2 rows)
[26-01-20 18:39:25] [INFO    ] [-|-] Passive Update 완료: 성공 2, 실패 0, 총 2 rows
[26-01-20 18:39:25] [INFO    ] [-|-] UpdateOrchestrationPlugin 초기화 완료 (buffer_size=100000)
[26-01-20 18:39:25] [INFO    ] [-|-] Passive Update 시작: archetype=CRYPTO, exchange=None, tradetype=None
[26-01-20 18:39:25] [INFO    ] [-|-] 조건에 맞는 Symbol 개수: 3
[26-01-20 18:39:25] [DEBUG   ] [-|-] 처리 중 (1/3): CRYPTO-BINANCE-SPOT-BTC-USDT-1h
[26-01-20 18:39:25] [DEBUG   ] [-|-] 데이터 조회 완료: CRYPTO-BINANCE-SPOT-BTC-USDT-1h - 5 rows
[26-01-20 18:39:25] [DEBUG   ] [-|-] 처리 중 (2/3): CRYPTO-BINANCE-SPOT-ETH-USDT-1h
[26-01-20 18:39:25] [DEBUG   ] [-|-] 데이터 조회 완료: CRYPTO-BINANCE-SPOT-ETH-USDT-1h - 6 rows
[26-01-20 18:39:25] [INFO    ] [-|-] 버퍼 오버플로우 (11 rows) - bulk_save 실행
[26-01-20 18:39:25] [DEBUG   ] [-|-] 처리 중 (3/3): CRYPTO-BINANCE-SPOT-XRP-USDT-1h
[26-01-20 18:39:25] [DEBUG   ] [-|-] 데이터 조회 완료: CRYPTO-BINANCE-SPOT-XRP-USDT-1h - 4 rows
[26-01-20 18:39:25] [INFO    ] [-|-] 마지막 버퍼 flush (4 rows)
[26-01-20 18:39:25] [INFO    ] [-|-] Passive Update 완료: 성공 3, 실패 0, 총 15 rows
[26-01-20 18:39:25] [INFO    ] [-|-] UpdateOrchestrationPlugin 초기화 완료 (buffer_size=100000)
[26-01-20 18:39:25] [INFO    ] [-|-] Passive Update 시작: archetype=None, exchange=None, tradetype=None
[26-01-20 18:39:25] [INFO    ] [-|-] 조건에 맞는 Symbol 개수: 2
[26-01-20 18:39:25] [DEBUG   ] [-|-] 처리 중 (1/2): CRYPTO-BINANCE-SPOT-BTC-USDT-1h
[26-01-20 18:39:25] [DEBUG   ] [-|-] 데이터 조회 완료: CRYPTO-BINANCE-SPOT-BTC-USDT-1h - 1 rows
[26-01-20 18:39:25] [DEBUG   ] [-|-] 처리 중 (2/2): CRYPTO-BINANCE-SPOT-ETH-USDT-1h
[26-01-20 18:39:25] [ERROR   ] [-|-] Symbol 처리 실패: CRYPTO-BINANCE-SPOT-ETH-USDT-1h - Database connection error
[26-01-20 18:39:25] [INFO    ] [-|-] 마지막 버퍼 flush (1 rows)
[26-01-20 18:39:25] [INFO    ] [-|-] Passive Update 완료: 성공 1, 실패 1, 총 1 rows
[26-01-20 18:39:25] [INFO    ] [-|-] UpdateOrchestrationPlugin 초기화 완료 (buffer_size=100000)
[26-01-20 18:39:25] [INFO    ] [-|-] Passive Update 시작: archetype=None, exchange=None, tradetype=None
[26-01-20 18:39:25] [INFO    ] [-|-] 조건에 맞는 Symbol 개수: 1
[26-01-20 18:39:25] [DEBUG   ] [-|-] 처리 중 (1/1): CRYPTO-BINANCE-SPOT-BTC-USDT-1h
[26-01-20 18:39:25] [DEBUG   ] [-|-] 데이터 조회 완료: CRYPTO-BINANCE-SPOT-BTC-USDT-1h - 0 rows
[26-01-20 18:39:25] [INFO    ] [-|-] Passive Update 완료: 성공 1, 실패 0, 총 0 rows
[26-01-20 18:39:25] [INFO    ] [-|-] UpdateOrchestrationPlugin 초기화 완료 (buffer_size=100000)
[26-01-20 18:39:25] [INFO    ] [-|-] Passive Update 시작: archetype=CRYPTO, exchange=BINANCE, tradetype=SPOT
[26-01-20 18:39:25] [INFO    ] [-|-] 조건에 맞는 Symbol 개수: 1
[26-01-20 18:39:25] [DEBUG   ] [-|-] 처리 중 (1/1): CRYPTO-BINANCE-SPOT-BTC-USDT-1h
[26-01-20 18:39:25] [DEBUG   ] [-|-] 데이터 조회 완료: CRYPTO-BINANCE-SPOT-BTC-USDT-1h - 1 rows
[26-01-20 18:39:25] [INFO    ] [-|-] 마지막 버퍼 flush (1 rows)
[26-01-20 18:39:25] [INFO    ] [-|-] Passive Update 완료: 성공 1, 실패 0, 총 1 rows
