[26-01-20 18:27:20] [INFO    ] [DataSaveService|DataSaveService.__init__] 초기화 시작 params={'args': (<MagicMock id='2502480102064'>,)}
[26-01-20 18:27:20] [INFO    ] [DataSaveService|DataSaveService.__init__] 초기화 완료
[26-01-20 18:27:20] [INFO    ] [DataSaveService|DataSaveService.save] 시작 params={'args': (<candle_data_manager.Core.Models.Symbol.Symbol object at 0x00000246A7702770>, [{'timestamp': 1600000000, 'open': 10000.5, 'high': 10100.0, 'low': 9900.0, 'close': 10050.0, 'volume': 1000.0}, {'timestamp': 1600003600, 'open': 10050.0, 'high': 10200.0, 'low': 10000.0, 'close': 10150.0, 'volume': 1500.0}])}
[26-01-20 18:27:20] [INFO    ] [DataSaveService|DataSaveService.save] 종료 result=None
[26-01-20 18:27:20] [INFO    ] [DataSaveService|DataSaveService.__init__] 초기화 시작 params={'args': (<MagicMock id='2502480497728'>,)}
[26-01-20 18:27:20] [INFO    ] [DataSaveService|DataSaveService.__init__] 초기화 완료
[26-01-20 18:27:20] [INFO    ] [DataSaveService|DataSaveService.save] 시작 params={'args': (<candle_data_manager.Core.Models.Symbol.Symbol object at 0x00000246A779BB50>, [{'timestamp': 1600000000, 'open': 10000.5, 'high': 10100.0, 'low': 9900.0, 'close': 10050.0, 'volume': 1000.0}, {'timestamp': 1600003600, 'open': 10050.0, 'high': 10200.0, 'low': 10000.0, 'close': 10150.0, 'volume': 1500.0}])}
[26-01-20 18:27:20] [INFO    ] [DataSaveService|DataSaveService.save] 종료 result=None
[26-01-20 18:27:20] [INFO    ] [DataSaveService|DataSaveService.__init__] 초기화 시작 params={'args': (<MagicMock id='2502480537264'>,)}
[26-01-20 18:27:20] [INFO    ] [DataSaveService|DataSaveService.__init__] 초기화 완료
[26-01-20 18:27:20] [INFO    ] [DataSaveService|DataSaveService.save] 시작 params={'args': (<candle_data_manager.Core.Models.Symbol.Symbol object at 0x00000246A7768850>, [])}
[26-01-20 18:27:20] [INFO    ] [DataSaveService|DataSaveService.save] 종료 result=None
[26-01-20 18:27:20] [INFO    ] [DataSaveService|DataSaveService.__init__] 초기화 시작 params={'args': (<MagicMock id='2502480537696'>,)}
[26-01-20 18:27:20] [INFO    ] [DataSaveService|DataSaveService.__init__] 초기화 완료
[26-01-20 18:27:20] [INFO    ] [DataSaveService|DataSaveService.bulk_save] 시작 params={'args': ({<candle_data_manager.Core.Models.Symbol.Symbol object at 0x00000246A77982E0>: [{'timestamp': 1600000000, 'open': 10000.5, 'high': 10100.0, 'low': 9900.0, 'close': 10050.0, 'volume': 1000.0}, {'timestamp': 1600003600, 'open': 10050.0, 'high': 10200.0, 'low': 10000.0, 'close': 10150.0, 'volume': 1500.0}], <candle_data_manager.Core.Models.Symbol.Symbol object at 0x00000246A7798220>: [{'timestamp': 1600000000, 'open': 10000.5, 'high': 10100.0, 'low': 9900.0, 'close': 10050.0, 'volume': 1000.0}, {'timestamp': 1600003600, 'open': 10050.0, 'high': 10200.0, 'low': 10000.0, 'close': 10150.0, 'volume': 1500.0}]},)}
[26-01-20 18:27:20] [DEBUG   ] [DataSaveService|DataSaveService.bulk_save] Bulk inserting 4 rows to crypto_binance_spot_1h
[26-01-20 18:27:20] [INFO    ] [DataSaveService|DataSaveService.bulk_save] 종료 result=None
[26-01-20 18:27:20] [INFO    ] [DataSaveService|DataSaveService.__init__] 초기화 시작 params={'args': (<MagicMock id='2502480724368'>,)}
[26-01-20 18:27:20] [INFO    ] [DataSaveService|DataSaveService.__init__] 초기화 완료
[26-01-20 18:27:20] [INFO    ] [DataSaveService|DataSaveService.bulk_save] 시작 params={'args': ({<candle_data_manager.Core.Models.Symbol.Symbol object at 0x00000246A78056F0>: [{'timestamp': 1600000000, 'open': 10000.5, 'high': 10100.0, 'low': 9900.0, 'close': 10050.0, 'volume': 1000.0}, {'timestamp': 1600003600, 'open': 10050.0, 'high': 10200.0, 'low': 10000.0, 'close': 10150.0, 'volume': 1500.0}], <candle_data_manager.Core.Models.Symbol.Symbol object at 0x00000246A78057B0>: [{'timestamp': 1600000000, 'open': 10000.5, 'high': 10100.0, 'low': 9900.0, 'close': 10050.0, 'volume': 1000.0}, {'timestamp': 1600003600, 'open': 10050.0, 'high': 10200.0, 'low': 10000.0, 'close': 10150.0, 'volume': 1500.0}]},)}
[26-01-20 18:27:20] [DEBUG   ] [DataSaveService|DataSaveService.bulk_save] Bulk inserting 2 rows to crypto_binance_spot_btc_usdt_1m
[26-01-20 18:27:20] [DEBUG   ] [DataSaveService|DataSaveService.bulk_save] Bulk inserting 2 rows to crypto_binance_spot_eth_usdt_1m
[26-01-20 18:27:20] [INFO    ] [DataSaveService|DataSaveService.bulk_save] 종료 result=None
[26-01-20 18:27:20] [INFO    ] [DataSaveService|DataSaveService.__init__] 초기화 시작 params={'args': (<MagicMock id='2502481172448'>,)}
[26-01-20 18:27:20] [INFO    ] [DataSaveService|DataSaveService.__init__] 초기화 완료
[26-01-20 18:27:20] [INFO    ] [DataSaveService|DataSaveService.bulk_save] 시작 params={'args': ({<candle_data_manager.Core.Models.Symbol.Symbol object at 0x00000246A78445E0>: [{'timestamp': 1600000000, 'open': 10000.5, 'high': 10100.0, 'low': 9900.0, 'close': 10050.0, 'volume': 1000.0}, {'timestamp': 1600003600, 'open': 10050.0, 'high': 10200.0, 'low': 10000.0, 'close': 10150.0, 'volume': 1500.0}], <candle_data_manager.Core.Models.Symbol.Symbol object at 0x00000246A78446A0>: [{'timestamp': 1600000000, 'open': 10000.5, 'high': 10100.0, 'low': 9900.0, 'close': 10050.0, 'volume': 1000.0}, {'timestamp': 1600003600, 'open': 10050.0, 'high': 10200.0, 'low': 10000.0, 'close': 10150.0, 'volume': 1500.0}], <candle_data_manager.Core.Models.Symbol.Symbol object at 0x00000246A7844730>: [{'timestamp': 1600000000, 'open': 10000.5, 'high': 10100.0, 'low': 9900.0, 'close': 10050.0, 'volume': 1000.0}, {'timestamp': 1600003600, 'open': 10050.0, 'high': 10200.0, 'low': 10000.0, 'close': 10150.0, 'volume': 1500.0}], <candle_data_manager.Core.Models.Symbol.Symbol object at 0x00000246A78447C0>: [{'timestamp': 1600000000, 'open': 10000.5, 'high': 10100.0, 'low': 9900.0, 'close': 10050.0, 'volume': 1000.0}, {'timestamp': 1600003600, 'open': 10050.0, 'high': 10200.0, 'low': 10000.0, 'close': 10150.0, 'volume': 1500.0}]},)}
[26-01-20 18:27:20] [DEBUG   ] [DataSaveService|DataSaveService.bulk_save] Bulk inserting 4 rows to crypto_binance_spot_1h
[26-01-20 18:27:20] [DEBUG   ] [DataSaveService|DataSaveService.bulk_save] Bulk inserting 2 rows to crypto_binance_spot_btc_usdt_1m
[26-01-20 18:27:20] [DEBUG   ] [DataSaveService|DataSaveService.bulk_save] Bulk inserting 2 rows to crypto_binance_spot_eth_usdt_1m
[26-01-20 18:27:20] [INFO    ] [DataSaveService|DataSaveService.bulk_save] 종료 result=None
[26-01-20 18:27:20] [INFO    ] [DataSaveService|DataSaveService.__init__] 초기화 시작 params={'args': (<MagicMock id='2502481365264'>,)}
[26-01-20 18:27:20] [INFO    ] [DataSaveService|DataSaveService.__init__] 초기화 완료
[26-01-20 18:27:20] [INFO    ] [DataSaveService|DataSaveService.bulk_save] 시작 params={'args': ({},)}
[26-01-20 18:27:20] [INFO    ] [DataSaveService|DataSaveService.bulk_save] 종료 result=None
[26-01-20 18:27:20] [INFO    ] [DataSaveService|DataSaveService.__init__] 초기화 시작 params={'args': (<MagicMock id='2502481063040'>,)}
[26-01-20 18:27:20] [INFO    ] [DataSaveService|DataSaveService.__init__] 초기화 완료
[26-01-20 18:27:20] [INFO    ] [DataSaveService|DataSaveService.bulk_save] 시작 params={'args': ({<candle_data_manager.Core.Models.Symbol.Symbol object at 0x00000246A77F0F10>: [{'timestamp': 1600000000, 'open': 10000.5, 'high': 10100.0, 'low': 9900.0, 'close': 10050.0, 'volume': 1000.0}, {'timestamp': 1600003600, 'open': 10050.0, 'high': 10200.0, 'low': 10000.0, 'close': 10150.0, 'volume': 1500.0}], <candle_data_manager.Core.Models.Symbol.Symbol object at 0x00000246A77F0E50>: []},)}
[26-01-20 18:27:20] [DEBUG   ] [DataSaveService|DataSaveService.bulk_save] Bulk inserting 2 rows to crypto_binance_spot_1h
[26-01-20 18:27:20] [INFO    ] [DataSaveService|DataSaveService.bulk_save] 종료 result=None
