[26-01-20 18:24:33] [INFO    ] [MarketFactoryService|MarketFactoryService.__init__] 초기화 시작
[26-01-20 18:24:33] [INFO    ] [MarketFactoryService|MarketFactoryService.__init__] 초기화 완료
[26-01-20 18:24:33] [INFO    ] [MarketFactoryService|MarketFactoryService.create_market] 시작 params={'args': (<candle_data_manager.Core.Models.Symbol.Symbol object at 0x00000174760BCC40>,     timestamp     open     high      low    close  volume
0  1700000000  50000.0  50500.0  49500.0  50050.0  1000.0
1  1700003600  50100.0  50600.0  49600.0  50150.0  1100.0
2  1700007200  50200.0  50700.0  49700.0  50250.0  1200.0)}
[26-01-20 18:24:33] [INFO    ] [MarketFactoryService|MarketFactoryService.create_market] 종료 result=Market(symbol=<candle_data_manager.Core.Models.Symbol.Symbol object at 0x00000174760BCC40>, candles=    timestamp     open     high      low    close  volume
0  1700000000  50000.0  50500.0  49500.0  50050.0  1000.0
1  1700003600  50100.0  50600.0  49600.0  50150.0  1100.0
2  1700007200  50200.0  50700.0  49700.0  50250.0  1200.0)
[26-01-20 18:24:33] [INFO    ] [MarketFactoryService|MarketFactoryService.__init__] 초기화 시작
[26-01-20 18:24:33] [INFO    ] [MarketFactoryService|MarketFactoryService.__init__] 초기화 완료
[26-01-20 18:24:33] [INFO    ] [MarketFactoryService|MarketFactoryService.create_market] 시작 params={'args': (<candle_data_manager.Core.Models.Symbol.Symbol object at 0x00000174760BCC40>, Empty DataFrame
Columns: []
Index: [])}
[26-01-20 18:24:33] [INFO    ] [MarketFactoryService|MarketFactoryService.create_market] 종료 result=Market(symbol=<candle_data_manager.Core.Models.Symbol.Symbol object at 0x00000174760BCC40>, candles=Empty DataFrame
Columns: []
Index: [])
[26-01-20 18:24:33] [INFO    ] [MarketFactoryService|MarketFactoryService.__init__] 초기화 시작
[26-01-20 18:24:33] [INFO    ] [MarketFactoryService|MarketFactoryService.__init__] 초기화 완료
[26-01-20 18:24:33] [INFO    ] [MarketFactoryService|MarketFactoryService.create_market] 시작 params={'args': (<candle_data_manager.Core.Models.Symbol.Symbol object at 0x00000174760BCA00>,     timestamp     open     high      low    close  volume
0  1700000000  50000.0  50500.0  49500.0  50050.0  1000.0
1  1700003600  50100.0  50600.0  49600.0  50150.0  1100.0
2  1700007200  50200.0  50700.0  49700.0  50250.0  1200.0)}
[26-01-20 18:24:33] [INFO    ] [MarketFactoryService|MarketFactoryService.create_market] 종료 result=Market(symbol=<candle_data_manager.Core.Models.Symbol.Symbol object at 0x00000174760BCA00>, candles=    timestamp     open     high      low    close  volume
0  1700000000  50000.0  50500.0  49500.0  50050.0  1000.0
1  1700003600  50100.0  50600.0  49600.0  50150.0  1100.0
2  1700007200  50200.0  50700.0  49700.0  50250.0  1200.0)
[26-01-20 18:24:33] [INFO    ] [MarketFactoryService|MarketFactoryService.__init__] 초기화 시작
[26-01-20 18:24:33] [INFO    ] [MarketFactoryService|MarketFactoryService.__init__] 초기화 완료
[26-01-20 18:24:33] [INFO    ] [MarketFactoryService|MarketFactoryService.create_market] 시작 params={'args': (<candle_data_manager.Core.Models.Symbol.Symbol object at 0x00000174760BC4F0>,     timestamp     open     high      low    close  volume
0  1700000000  50000.0  50500.0  49500.0  50050.0  1000.0
1  1700003600  50100.0  50600.0  49600.0  50150.0  1100.0
2  1700007200  50200.0  50700.0  49700.0  50250.0  1200.0)}
[26-01-20 18:24:33] [INFO    ] [MarketFactoryService|MarketFactoryService.create_market] 종료 result=Market(symbol=<candle_data_manager.Core.Models.Symbol.Symbol object at 0x00000174760BC4F0>, candles=    timestamp     open     high      low    close  volume
0  1700000000  50000.0  50500.0  49500.0  50050.0  1000.0
1  1700003600  50100.0  50600.0  49600.0  50150.0  1100.0
2  1700007200  50200.0  50700.0  49700.0  50250.0  1200.0)
[26-01-20 18:24:33] [INFO    ] [MarketFactoryService|MarketFactoryService.create_market] 시작 params={'args': (<candle_data_manager.Core.Models.Symbol.Symbol object at 0x00000174760BFFD0>,     timestamp     open     high      low    close  volume
0  1700000000  50000.0  50500.0  49500.0  50050.0  1000.0
1  1700003600  50100.0  50600.0  49600.0  50150.0  1100.0
2  1700007200  50200.0  50700.0  49700.0  50250.0  1200.0)}
[26-01-20 18:24:33] [INFO    ] [MarketFactoryService|MarketFactoryService.create_market] 종료 result=Market(symbol=<candle_data_manager.Core.Models.Symbol.Symbol object at 0x00000174760BFFD0>, candles=    timestamp     open     high      low    close  volume
0  1700000000  50000.0  50500.0  49500.0  50050.0  1000.0
1  1700003600  50100.0  50600.0  49600.0  50150.0  1100.0
2  1700007200  50200.0  50700.0  49700.0  50250.0  1200.0)
[26-01-20 18:24:33] [INFO    ] [MarketFactoryService|MarketFactoryService.create_market] 시작 params={'args': (<candle_data_manager.Core.Models.Symbol.Symbol object at 0x00000174760BFF10>,     timestamp     open     high      low    close  volume
0  1700000000  50000.0  50500.0  49500.0  50050.0  1000.0
1  1700003600  50100.0  50600.0  49600.0  50150.0  1100.0
2  1700007200  50200.0  50700.0  49700.0  50250.0  1200.0)}
[26-01-20 18:24:33] [INFO    ] [MarketFactoryService|MarketFactoryService.create_market] 종료 result=Market(symbol=<candle_data_manager.Core.Models.Symbol.Symbol object at 0x00000174760BFF10>, candles=    timestamp     open     high      low    close  volume
0  1700000000  50000.0  50500.0  49500.0  50050.0  1000.0
1  1700003600  50100.0  50600.0  49600.0  50150.0  1100.0
2  1700007200  50200.0  50700.0  49700.0  50250.0  1200.0)
