[26-01-20 18:25:15] [INFO    ] [DataSaveService|DataSaveService.__init__] 초기화 시작 params={'args': (<MagicMock id='2017958803008'>,)}
[26-01-20 18:25:15] [INFO    ] [DataSaveService|DataSaveService.__init__] 초기화 완료
[26-01-20 18:25:15] [INFO    ] [DataSaveService|DataSaveService.save] 시작 params={'args': (<candle_data_manager.Core.Models.Symbol.Symbol object at 0x000001D5D7BB23B0>, [{'timestamp': 1600000000, 'open': 10000.5, 'high': 10100.0, 'low': 9900.0, 'close': 10050.0, 'volume': 1000.0}, {'timestamp': 1600003600, 'open': 10050.0, 'high': 10200.0, 'low': 10000.0, 'close': 10150.0, 'volume': 1500.0}])}
[26-01-20 18:25:15] [INFO    ] [DataSaveService|DataSaveService.save] 종료 result=None
[26-01-20 18:25:15] [INFO    ] [DataSaveService|DataSaveService.__init__] 초기화 시작 params={'args': (<MagicMock id='2017960256576'>,)}
[26-01-20 18:25:15] [INFO    ] [DataSaveService|DataSaveService.__init__] 초기화 완료
[26-01-20 18:25:15] [INFO    ] [DataSaveService|DataSaveService.save] 시작 params={'args': (<candle_data_manager.Core.Models.Symbol.Symbol object at 0x000001D5D7CDEE60>, [{'timestamp': 1600000000, 'open': 10000.5, 'high': 10100.0, 'low': 9900.0, 'close': 10050.0, 'volume': 1000.0}, {'timestamp': 1600003600, 'open': 10050.0, 'high': 10200.0, 'low': 10000.0, 'close': 10150.0, 'volume': 1500.0}])}
[26-01-20 18:25:15] [INFO    ] [DataSaveService|DataSaveService.save] 종료 result=None
[26-01-20 18:25:15] [INFO    ] [DataSaveService|DataSaveService.__init__] 초기화 시작 params={'args': (<MagicMock id='2017959296256'>,)}
[26-01-20 18:25:15] [INFO    ] [DataSaveService|DataSaveService.__init__] 초기화 완료
[26-01-20 18:25:15] [INFO    ] [DataSaveService|DataSaveService.save] 시작 params={'args': (<candle_data_manager.Core.Models.Symbol.Symbol object at 0x000001D5D7BF2650>, [])}
[26-01-20 18:25:15] [INFO    ] [DataSaveService|DataSaveService.save] 종료 result=None
[26-01-20 18:25:15] [INFO    ] [DataSaveService|DataSaveService.__init__] 초기화 시작 params={'args': (<MagicMock id='2017959296448'>,)}
[26-01-20 18:25:15] [INFO    ] [DataSaveService|DataSaveService.__init__] 초기화 완료
[26-01-20 18:25:15] [INFO    ] [DataSaveService|DataSaveService.bulk_save] 시작 params={'args': ({<candle_data_manager.Core.Models.Symbol.Symbol object at 0x000001D5D7E16350>: [{'timestamp': 1600000000, 'open': 10000.5, 'high': 10100.0, 'low': 9900.0, 'close': 10050.0, 'volume': 1000.0}, {'timestamp': 1600003600, 'open': 10050.0, 'high': 10200.0, 'low': 10000.0, 'close': 10150.0, 'volume': 1500.0}], <candle_data_manager.Core.Models.Symbol.Symbol object at 0x000001D5D7E163E0>: [{'timestamp': 1600000000, 'open': 10000.5, 'high': 10100.0, 'low': 9900.0, 'close': 10050.0, 'volume': 1000.0}, {'timestamp': 1600003600, 'open': 10050.0, 'high': 10200.0, 'low': 10000.0, 'close': 10150.0, 'volume': 1500.0}]},)}
[26-01-20 18:25:15] [DEBUG   ] [DataSaveService|DataSaveService.bulk_save] Bulk inserting 4 rows to crypto_binance_spot_1h
[26-01-20 18:25:15] [INFO    ] [DataSaveService|DataSaveService.bulk_save] 종료 result=None
[26-01-20 18:25:15] [INFO    ] [DataSaveService|DataSaveService.__init__] 초기화 시작 params={'args': (<MagicMock id='2017961534432'>,)}
[26-01-20 18:25:15] [INFO    ] [DataSaveService|DataSaveService.__init__] 초기화 완료
[26-01-20 18:25:15] [INFO    ] [DataSaveService|DataSaveService.bulk_save] 시작 params={'args': ({<candle_data_manager.Core.Models.Symbol.Symbol object at 0x000001D5D7C0C0D0>: [{'timestamp': 1600000000, 'open': 10000.5, 'high': 10100.0, 'low': 9900.0, 'close': 10050.0, 'volume': 1000.0}, {'timestamp': 1600003600, 'open': 10050.0, 'high': 10200.0, 'low': 10000.0, 'close': 10150.0, 'volume': 1500.0}], <candle_data_manager.Core.Models.Symbol.Symbol object at 0x000001D5D7C0C040>: [{'timestamp': 1600000000, 'open': 10000.5, 'high': 10100.0, 'low': 9900.0, 'close': 10050.0, 'volume': 1000.0}, {'timestamp': 1600003600, 'open': 10050.0, 'high': 10200.0, 'low': 10000.0, 'close': 10150.0, 'volume': 1500.0}]},)}
[26-01-20 18:25:15] [DEBUG   ] [DataSaveService|DataSaveService.bulk_save] Bulk inserting 2 rows to crypto_binance_spot_btc_usdt_1m
[26-01-20 18:25:15] [DEBUG   ] [DataSaveService|DataSaveService.bulk_save] Bulk inserting 2 rows to crypto_binance_spot_eth_usdt_1m
[26-01-20 18:25:15] [INFO    ] [DataSaveService|DataSaveService.bulk_save] 종료 result=None
[26-01-20 18:25:15] [INFO    ] [DataSaveService|DataSaveService.__init__] 초기화 시작 params={'args': (<MagicMock id='2017959396064'>,)}
[26-01-20 18:25:15] [INFO    ] [DataSaveService|DataSaveService.__init__] 초기화 완료
[26-01-20 18:25:15] [INFO    ] [DataSaveService|DataSaveService.bulk_save] 시작 params={'args': ({<candle_data_manager.Core.Models.Symbol.Symbol object at 0x000001D5D7D6B9D0>: [{'timestamp': 1600000000, 'open': 10000.5, 'high': 10100.0, 'low': 9900.0, 'close': 10050.0, 'volume': 1000.0}, {'timestamp': 1600003600, 'open': 10050.0, 'high': 10200.0, 'low': 10000.0, 'close': 10150.0, 'volume': 1500.0}], <candle_data_manager.Core.Models.Symbol.Symbol object at 0x000001D5D7D6B6D0>: [{'timestamp': 1600000000, 'open': 10000.5, 'high': 10100.0, 'low': 9900.0, 'close': 10050.0, 'volume': 1000.0}, {'timestamp': 1600003600, 'open': 10050.0, 'high': 10200.0, 'low': 10000.0, 'close': 10150.0, 'volume': 1500.0}], <candle_data_manager.Core.Models.Symbol.Symbol object at 0x000001D5D7D6B640>: [{'timestamp': 1600000000, 'open': 10000.5, 'high': 10100.0, 'low': 9900.0, 'close': 10050.0, 'volume': 1000.0}, {'timestamp': 1600003600, 'open': 10050.0, 'high': 10200.0, 'low': 10000.0, 'close': 10150.0, 'volume': 1500.0}], <candle_data_manager.Core.Models.Symbol.Symbol object at 0x000001D5D7D6B670>: [{'timestamp': 1600000000, 'open': 10000.5, 'high': 10100.0, 'low': 9900.0, 'close': 10050.0, 'volume': 1000.0}, {'timestamp': 1600003600, 'open': 10050.0, 'high': 10200.0, 'low': 10000.0, 'close': 10150.0, 'volume': 1500.0}]},)}
[26-01-20 18:25:15] [DEBUG   ] [DataSaveService|DataSaveService.bulk_save] Bulk inserting 4 rows to crypto_binance_spot_1h
[26-01-20 18:25:15] [DEBUG   ] [DataSaveService|DataSaveService.bulk_save] Bulk inserting 2 rows to crypto_binance_spot_btc_usdt_1m
[26-01-20 18:25:15] [DEBUG   ] [DataSaveService|DataSaveService.bulk_save] Bulk inserting 2 rows to crypto_binance_spot_eth_usdt_1m
[26-01-20 18:25:15] [INFO    ] [DataSaveService|DataSaveService.bulk_save] 종료 result=None
[26-01-20 18:25:15] [INFO    ] [DataSaveService|DataSaveService.__init__] 초기화 시작 params={'args': (<MagicMock id='2017960835008'>,)}
[26-01-20 18:25:15] [INFO    ] [DataSaveService|DataSaveService.__init__] 초기화 완료
[26-01-20 18:25:15] [INFO    ] [DataSaveService|DataSaveService.bulk_save] 시작 params={'args': ({},)}
[26-01-20 18:25:15] [INFO    ] [DataSaveService|DataSaveService.bulk_save] 종료 result=None
[26-01-20 18:25:15] [INFO    ] [DataSaveService|DataSaveService.__init__] 초기화 시작 params={'args': (<MagicMock id='2017959631440'>,)}
[26-01-20 18:25:15] [INFO    ] [DataSaveService|DataSaveService.__init__] 초기화 완료
[26-01-20 18:25:15] [INFO    ] [DataSaveService|DataSaveService.bulk_save] 시작 params={'args': ({<candle_data_manager.Core.Models.Symbol.Symbol object at 0x000001D5D7DD8FD0>: [{'timestamp': 1600000000, 'open': 10000.5, 'high': 10100.0, 'low': 9900.0, 'close': 10050.0, 'volume': 1000.0}, {'timestamp': 1600003600, 'open': 10050.0, 'high': 10200.0, 'low': 10000.0, 'close': 10150.0, 'volume': 1500.0}], <candle_data_manager.Core.Models.Symbol.Symbol object at 0x000001D5D7DD8F10>: []},)}
[26-01-20 18:25:15] [DEBUG   ] [DataSaveService|DataSaveService.bulk_save] Bulk inserting 2 rows to crypto_binance_spot_1h
[26-01-20 18:25:15] [INFO    ] [DataSaveService|DataSaveService.bulk_save] 종료 result=None
