[26-01-20 18:26:09] [INFO    ] [DataLoadService|DataLoadService.__init__] 초기화 시작 params={'args': (<MagicMock id='2767381424368'>,)}
[26-01-20 18:26:09] [INFO    ] [DataLoadService|DataLoadService.__init__] 초기화 완료
[26-01-20 18:26:09] [INFO    ] [DataLoadService|DataLoadService.load] 시작 params={'args': (<candle_data_manager.Core.Models.Symbol.Symbol object at 0x0000028454CE56F0>,)}
[26-01-20 18:26:09] [INFO    ] [DataLoadService|DataLoadService.load] 종료 result=    timestamp     open     high      low    close  volume
0  1600000000  10000.0  10200.0   9900.0  10100.0   100.0
1  1600000060  10100.0  10300.0  10000.0  10200.0   150.0
[26-01-20 18:26:09] [INFO    ] [DataLoadService|DataLoadService.__init__] 초기화 시작 params={'args': (<MagicMock id='2767382064016'>,)}
[26-01-20 18:26:09] [INFO    ] [DataLoadService|DataLoadService.__init__] 초기화 완료
[26-01-20 18:26:09] [INFO    ] [DataLoadService|DataLoadService.load] 시작 params={'args': (<candle_data_manager.Core.Models.Symbol.Symbol object at 0x0000028454D7C310>,), 'kwargs': {'start_at': 1600000000, 'end_at': 1600001000}}
[26-01-20 18:26:09] [INFO    ] [DataLoadService|DataLoadService.load] 종료 result=    timestamp     open     high     low    close  volume
0  1600000000  10000.0  10200.0  9900.0  10100.0   100.0
[26-01-20 18:26:09] [INFO    ] [DataLoadService|DataLoadService.__init__] 초기화 시작 params={'args': (<MagicMock id='2767381987968'>,)}
[26-01-20 18:26:09] [INFO    ] [DataLoadService|DataLoadService.__init__] 초기화 완료
[26-01-20 18:26:09] [INFO    ] [DataLoadService|DataLoadService.load] 시작 params={'args': (<candle_data_manager.Core.Models.Symbol.Symbol object at 0x0000028454D20D60>,), 'kwargs': {'limit': 3}}
[26-01-20 18:26:09] [INFO    ] [DataLoadService|DataLoadService.load] 종료 result=    timestamp     open     high     low    close  volume
0  1600000000  10000.0  10200.0  9900.0  10100.0   100.0
1  1600000060  10000.0  10200.0  9900.0  10100.0   100.0
2  1600000120  10000.0  10200.0  9900.0  10100.0   100.0
[26-01-20 18:26:09] [INFO    ] [DataLoadService|DataLoadService.__init__] 초기화 시작 params={'args': (<MagicMock id='2767381752768'>,)}
[26-01-20 18:26:09] [INFO    ] [DataLoadService|DataLoadService.__init__] 초기화 완료
[26-01-20 18:26:09] [INFO    ] [DataLoadService|DataLoadService.load] 시작 params={'args': (<candle_data_manager.Core.Models.Symbol.Symbol object at 0x0000028454D93C40>,)}
[26-01-20 18:26:09] [INFO    ] [DataLoadService|DataLoadService.load] 종료 result=   symbol_id   timestamp     open     high      low    close  volume
0          2  1600000000  10000.0  10200.0   9900.0  10100.0   100.0
1          2  1600003600  10100.0  10300.0  10000.0  10200.0   150.0
[26-01-20 18:26:09] [INFO    ] [DataLoadService|DataLoadService.__init__] 초기화 시작 params={'args': (<MagicMock id='2767382502256'>,)}
[26-01-20 18:26:09] [INFO    ] [DataLoadService|DataLoadService.__init__] 초기화 완료
[26-01-20 18:26:09] [INFO    ] [DataLoadService|DataLoadService.load] 시작 params={'args': (<candle_data_manager.Core.Models.Symbol.Symbol object at 0x0000028454DB7AC0>,)}
[26-01-20 18:26:09] [INFO    ] [DataLoadService|DataLoadService.load] 종료 result=Empty DataFrame
Columns: []
Index: []
[26-01-20 18:26:09] [INFO    ] [DataLoadService|DataLoadService.__init__] 초기화 시작 params={'args': (<MagicMock id='2767382599936'>,)}
[26-01-20 18:26:09] [INFO    ] [DataLoadService|DataLoadService.__init__] 초기화 완료
[26-01-20 18:26:09] [INFO    ] [DataLoadService|DataLoadService.load] 시작 params={'args': (<candle_data_manager.Core.Models.Symbol.Symbol object at 0x0000028454DD9FC0>,), 'kwargs': {'limit': 1000}}
[26-01-20 18:26:09] [INFO    ] [DataLoadService|DataLoadService.load] 종료 result=    timestamp     open     high      low    close  volume
0  1600000000  10000.0  10200.0   9900.0  10100.0   100.0
1  1600000060  10100.0  10300.0  10000.0  10200.0   150.0
