[26-01-20 18:28:11] [INFO    ] [DataSaveService|DataSaveService.__init__] 초기화 시작 params={'args': (<MagicMock id='1628348905120'>,)}
[26-01-20 18:28:11] [INFO    ] [DataSaveService|DataSaveService.__init__] 초기화 완료
[26-01-20 18:28:11] [INFO    ] [DataSaveService|DataSaveService.save] 시작 params={'args': (<candle_data_manager.Core.Models.Symbol.Symbol object at 0x0000017B212BE410>, [{'timestamp': 1600000000, 'open': 10000.5, 'high': 10100.0, 'low': 9900.0, 'close': 10050.0, 'volume': 1000.0}, {'timestamp': 1600003600, 'open': 10050.0, 'high': 10200.0, 'low': 10000.0, 'close': 10150.0, 'volume': 1500.0}])}
[26-01-20 18:28:11] [INFO    ] [DataSaveService|DataSaveService.save] 종료 result=None
[26-01-20 18:28:11] [INFO    ] [DataSaveService|DataSaveService.__init__] 초기화 시작 params={'args': (<MagicMock id='1628349483712'>,)}
[26-01-20 18:28:11] [INFO    ] [DataSaveService|DataSaveService.__init__] 초기화 완료
[26-01-20 18:28:11] [INFO    ] [DataSaveService|DataSaveService.save] 시작 params={'args': (<candle_data_manager.Core.Models.Symbol.Symbol object at 0x0000017B213539D0>, [{'timestamp': 1600000000, 'open': 10000.5, 'high': 10100.0, 'low': 9900.0, 'close': 10050.0, 'volume': 1000.0}, {'timestamp': 1600003600, 'open': 10050.0, 'high': 10200.0, 'low': 10000.0, 'close': 10150.0, 'volume': 1500.0}])}
[26-01-20 18:28:11] [INFO    ] [DataSaveService|DataSaveService.save] 종료 result=None
[26-01-20 18:28:11] [INFO    ] [DataSaveService|DataSaveService.__init__] 초기화 시작 params={'args': (<MagicMock id='1628349563088'>,)}
[26-01-20 18:28:11] [INFO    ] [DataSaveService|DataSaveService.__init__] 초기화 완료
[26-01-20 18:28:11] [INFO    ] [DataSaveService|DataSaveService.save] 시작 params={'args': (<candle_data_manager.Core.Models.Symbol.Symbol object at 0x0000017B21320820>, [])}
[26-01-20 18:28:11] [INFO    ] [DataSaveService|DataSaveService.save] 종료 result=None
[26-01-20 18:28:11] [INFO    ] [DataSaveService|DataSaveService.__init__] 초기화 시작 params={'args': (<MagicMock id='1628349540496'>,)}
[26-01-20 18:28:11] [INFO    ] [DataSaveService|DataSaveService.__init__] 초기화 완료
[26-01-20 18:28:11] [INFO    ] [DataSaveService|DataSaveService.bulk_save] 시작 params={'args': ({<candle_data_manager.Core.Models.Symbol.Symbol object at 0x0000017B21350790>: [{'timestamp': 1600000000, 'open': 10000.5, 'high': 10100.0, 'low': 9900.0, 'close': 10050.0, 'volume': 1000.0}, {'timestamp': 1600003600, 'open': 10050.0, 'high': 10200.0, 'low': 10000.0, 'close': 10150.0, 'volume': 1500.0}], <candle_data_manager.Core.Models.Symbol.Symbol object at 0x0000017B213506D0>: [{'timestamp': 1600000000, 'open': 10000.5, 'high': 10100.0, 'low': 9900.0, 'close': 10050.0, 'volume': 1000.0}, {'timestamp': 1600003600, 'open': 10050.0, 'high': 10200.0, 'low': 10000.0, 'close': 10150.0, 'volume': 1500.0}]},)}
[26-01-20 18:28:11] [DEBUG   ] [DataSaveService|DataSaveService.bulk_save] Bulk inserting 4 rows to crypto_binance_spot_1h
[26-01-20 18:28:11] [INFO    ] [DataSaveService|DataSaveService.bulk_save] 종료 result=None
[26-01-20 18:28:11] [INFO    ] [DataSaveService|DataSaveService.__init__] 초기화 시작 params={'args': (<MagicMock id='1628349728512'>,)}
[26-01-20 18:28:11] [INFO    ] [DataSaveService|DataSaveService.__init__] 초기화 완료
[26-01-20 18:28:11] [INFO    ] [DataSaveService|DataSaveService.bulk_save] 시작 params={'args': ({<candle_data_manager.Core.Models.Symbol.Symbol object at 0x0000017B213BD570>: [{'timestamp': 1600000000, 'open': 10000.5, 'high': 10100.0, 'low': 9900.0, 'close': 10050.0, 'volume': 1000.0}, {'timestamp': 1600003600, 'open': 10050.0, 'high': 10200.0, 'low': 10000.0, 'close': 10150.0, 'volume': 1500.0}], <candle_data_manager.Core.Models.Symbol.Symbol object at 0x0000017B213BD630>: [{'timestamp': 1600000000, 'open': 10000.5, 'high': 10100.0, 'low': 9900.0, 'close': 10050.0, 'volume': 1000.0}, {'timestamp': 1600003600, 'open': 10050.0, 'high': 10200.0, 'low': 10000.0, 'close': 10150.0, 'volume': 1500.0}]},)}
[26-01-20 18:28:11] [DEBUG   ] [DataSaveService|DataSaveService.bulk_save] Bulk inserting 2 rows to crypto_binance_spot_btc_usdt_1m
[26-01-20 18:28:11] [DEBUG   ] [DataSaveService|DataSaveService.bulk_save] Bulk inserting 2 rows to crypto_binance_spot_eth_usdt_1m
[26-01-20 18:28:11] [INFO    ] [DataSaveService|DataSaveService.bulk_save] 종료 result=None
[26-01-20 18:28:11] [INFO    ] [DataSaveService|DataSaveService.__init__] 초기화 시작 params={'args': (<MagicMock id='1628350174816'>,)}
[26-01-20 18:28:11] [INFO    ] [DataSaveService|DataSaveService.__init__] 초기화 완료
[26-01-20 18:28:11] [INFO    ] [DataSaveService|DataSaveService.bulk_save] 시작 params={'args': ({<candle_data_manager.Core.Models.Symbol.Symbol object at 0x0000017B213FC460>: [{'timestamp': 1600000000, 'open': 10000.5, 'high': 10100.0, 'low': 9900.0, 'close': 10050.0, 'volume': 1000.0}, {'timestamp': 1600003600, 'open': 10050.0, 'high': 10200.0, 'low': 10000.0, 'close': 10150.0, 'volume': 1500.0}], <candle_data_manager.Core.Models.Symbol.Symbol object at 0x0000017B213FC520>: [{'timestamp': 1600000000, 'open': 10000.5, 'high': 10100.0, 'low': 9900.0, 'close': 10050.0, 'volume': 1000.0}, {'timestamp': 1600003600, 'open': 10050.0, 'high': 10200.0, 'low': 10000.0, 'close': 10150.0, 'volume': 1500.0}], <candle_data_manager.Core.Models.Symbol.Symbol object at 0x0000017B213FC5B0>: [{'timestamp': 1600000000, 'open': 10000.5, 'high': 10100.0, 'low': 9900.0, 'close': 10050.0, 'volume': 1000.0}, {'timestamp': 1600003600, 'open': 10050.0, 'high': 10200.0, 'low': 10000.0, 'close': 10150.0, 'volume': 1500.0}], <candle_data_manager.Core.Models.Symbol.Symbol object at 0x0000017B213FC640>: [{'timestamp': 1600000000, 'open': 10000.5, 'high': 10100.0, 'low': 9900.0, 'close': 10050.0, 'volume': 1000.0}, {'timestamp': 1600003600, 'open': 10050.0, 'high': 10200.0, 'low': 10000.0, 'close': 10150.0, 'volume': 1500.0}]},)}
[26-01-20 18:28:11] [DEBUG   ] [DataSaveService|DataSaveService.bulk_save] Bulk inserting 4 rows to crypto_binance_spot_1h
[26-01-20 18:28:11] [DEBUG   ] [DataSaveService|DataSaveService.bulk_save] Bulk inserting 2 rows to crypto_binance_spot_btc_usdt_1m
[26-01-20 18:28:11] [DEBUG   ] [DataSaveService|DataSaveService.bulk_save] Bulk inserting 2 rows to crypto_binance_spot_eth_usdt_1m
[26-01-20 18:28:11] [INFO    ] [DataSaveService|DataSaveService.bulk_save] 종료 result=None
[26-01-20 18:28:11] [INFO    ] [DataSaveService|DataSaveService.__init__] 초기화 시작 params={'args': (<MagicMock id='1628350376224'>,)}
[26-01-20 18:28:11] [INFO    ] [DataSaveService|DataSaveService.__init__] 초기화 완료
[26-01-20 18:28:11] [INFO    ] [DataSaveService|DataSaveService.bulk_save] 시작 params={'args': ({},)}
[26-01-20 18:28:11] [INFO    ] [DataSaveService|DataSaveService.bulk_save] 종료 result=None
[26-01-20 18:28:11] [INFO    ] [DataSaveService|DataSaveService.__init__] 초기화 시작 params={'args': (<MagicMock id='1628350082128'>,)}
[26-01-20 18:28:11] [INFO    ] [DataSaveService|DataSaveService.__init__] 초기화 완료
[26-01-20 18:28:11] [INFO    ] [DataSaveService|DataSaveService.bulk_save] 시작 params={'args': ({<candle_data_manager.Core.Models.Symbol.Symbol object at 0x0000017B213A8B20>: [{'timestamp': 1600000000, 'open': 10000.5, 'high': 10100.0, 'low': 9900.0, 'close': 10050.0, 'volume': 1000.0}, {'timestamp': 1600003600, 'open': 10050.0, 'high': 10200.0, 'low': 10000.0, 'close': 10150.0, 'volume': 1500.0}], <candle_data_manager.Core.Models.Symbol.Symbol object at 0x0000017B213A8A60>: []},)}
[26-01-20 18:28:11] [DEBUG   ] [DataSaveService|DataSaveService.bulk_save] Bulk inserting 2 rows to crypto_binance_spot_1h
[26-01-20 18:28:11] [INFO    ] [DataSaveService|DataSaveService.bulk_save] 종료 result=None
