[26-01-20 18:25:30] [INFO    ] [DataLoadService|DataLoadService.__init__] 초기화 시작 params={'args': (<MagicMock id='2314664192576'>,)}
[26-01-20 18:25:30] [INFO    ] [DataLoadService|DataLoadService.__init__] 초기화 완료
[26-01-20 18:25:30] [INFO    ] [DataLoadService|DataLoadService.load] 시작 params={'args': (<candle_data_manager.Core.Models.Symbol.Symbol object at 0x0000021AECC15840>,)}
[26-01-20 18:25:30] [INFO    ] [DataLoadService|DataLoadService.load] 종료 result=    timestamp     open     high      low    close  volume
0  1600000000  10000.0  10200.0   9900.0  10100.0   100.0
1  1600000060  10100.0  10300.0  10000.0  10200.0   150.0
[26-01-20 18:25:30] [INFO    ] [DataLoadService|DataLoadService.__init__] 초기화 시작 params={'args': (<MagicMock id='2314666308704'>,)}
[26-01-20 18:25:30] [INFO    ] [DataLoadService|DataLoadService.__init__] 초기화 완료
[26-01-20 18:25:30] [INFO    ] [DataLoadService|DataLoadService.load] 시작 params={'args': (<candle_data_manager.Core.Models.Symbol.Symbol object at 0x0000021AECDCD5A0>,), 'kwargs': {'start_at': 1600000000, 'end_at': 1600001000}}
[26-01-20 18:25:30] [INFO    ] [DataLoadService|DataLoadService.load] 종료 result=    timestamp     open     high     low    close  volume
0  1600000000  10000.0  10200.0  9900.0  10100.0   100.0
[26-01-20 18:25:31] [INFO    ] [DataLoadService|DataLoadService.__init__] 초기화 시작 params={'args': (<MagicMock id='2314664750736'>,)}
[26-01-20 18:25:31] [INFO    ] [DataLoadService|DataLoadService.__init__] 초기화 완료
[26-01-20 18:25:31] [INFO    ] [DataLoadService|DataLoadService.load] 시작 params={'args': (<candle_data_manager.Core.Models.Symbol.Symbol object at 0x0000021AECC50790>,), 'kwargs': {'limit': 3}}
[26-01-20 18:25:31] [INFO    ] [DataLoadService|DataLoadService.load] 종료 result=    timestamp     open     high     low    close  volume
0  1600000000  10000.0  10200.0  9900.0  10100.0   100.0
1  1600000060  10000.0  10200.0  9900.0  10100.0   100.0
2  1600000120  10000.0  10200.0  9900.0  10100.0   100.0
[26-01-20 18:25:31] [INFO    ] [DataLoadService|DataLoadService.__init__] 초기화 시작 params={'args': (<MagicMock id='2314664188928'>,)}
[26-01-20 18:25:31] [INFO    ] [DataLoadService|DataLoadService.__init__] 초기화 완료
[26-01-20 18:25:31] [INFO    ] [DataLoadService|DataLoadService.load] 시작 params={'args': (<candle_data_manager.Core.Models.Symbol.Symbol object at 0x0000021AECEC32B0>,)}
[26-01-20 18:25:31] [INFO    ] [DataLoadService|DataLoadService.load] 종료 result=   symbol_id   timestamp     open     high      low    close  volume
0          2  1600000000  10000.0  10200.0   9900.0  10100.0   100.0
1          2  1600003600  10100.0  10300.0  10000.0  10200.0   150.0
[26-01-20 18:25:31] [INFO    ] [DataLoadService|DataLoadService.__init__] 초기화 시작 params={'args': (<MagicMock id='2314666518624'>,)}
[26-01-20 18:25:31] [INFO    ] [DataLoadService|DataLoadService.__init__] 초기화 완료
[26-01-20 18:25:31] [INFO    ] [DataLoadService|DataLoadService.load] 시작 params={'args': (<candle_data_manager.Core.Models.Symbol.Symbol object at 0x0000021AECE03B80>,)}
[26-01-20 18:25:31] [INFO    ] [DataLoadService|DataLoadService.load] 종료 result=Empty DataFrame
Columns: []
Index: []
[26-01-20 18:25:31] [INFO    ] [DataLoadService|DataLoadService.__init__] 초기화 시작 params={'args': (<MagicMock id='2314664729600'>,)}
[26-01-20 18:25:31] [INFO    ] [DataLoadService|DataLoadService.__init__] 초기화 완료
[26-01-20 18:25:31] [INFO    ] [DataLoadService|DataLoadService.load] 시작 params={'args': (<candle_data_manager.Core.Models.Symbol.Symbol object at 0x0000021AECDAC280>,), 'kwargs': {'limit': 1000}}
[26-01-20 18:25:31] [INFO    ] [DataLoadService|DataLoadService.load] 종료 result=    timestamp     open     high      low    close  volume
0  1600000000  10000.0  10200.0   9900.0  10100.0   100.0
1  1600000060  10100.0  10300.0  10000.0  10200.0   150.0
