[26-01-20 18:26:53] [INFO    ] [DataLoadService|DataLoadService.__init__] 초기화 시작 params={'args': (<MagicMock id='2198498371152'>,)}
[26-01-20 18:26:53] [INFO    ] [DataLoadService|DataLoadService.__init__] 초기화 완료
[26-01-20 18:26:53] [INFO    ] [DataLoadService|DataLoadService.load] 시작 params={'args': (<candle_data_manager.Core.Models.Symbol.Symbol object at 0x000001FFE0BBD720>,)}
[26-01-20 18:26:53] [INFO    ] [DataLoadService|DataLoadService.load] 종료 result=    timestamp     open     high      low    close  volume
0  1600000000  10000.0  10200.0   9900.0  10100.0   100.0
1  1600000060  10100.0  10300.0  10000.0  10200.0   150.0
[26-01-20 18:26:53] [INFO    ] [DataLoadService|DataLoadService.__init__] 초기화 시작 params={'args': (<MagicMock id='2198498995472'>,)}
[26-01-20 18:26:53] [INFO    ] [DataLoadService|DataLoadService.__init__] 초기화 완료
[26-01-20 18:26:53] [INFO    ] [DataLoadService|DataLoadService.load] 시작 params={'args': (<candle_data_manager.Core.Models.Symbol.Symbol object at 0x000001FFE0C4C490>,), 'kwargs': {'start_at': 1600000000, 'end_at': 1600001000}}
[26-01-20 18:26:53] [INFO    ] [DataLoadService|DataLoadService.load] 종료 result=    timestamp     open     high     low    close  volume
0  1600000000  10000.0  10200.0  9900.0  10100.0   100.0
[26-01-20 18:26:53] [INFO    ] [DataLoadService|DataLoadService.__init__] 초기화 시작 params={'args': (<MagicMock id='2198499283712'>,)}
[26-01-20 18:26:53] [INFO    ] [DataLoadService|DataLoadService.__init__] 초기화 완료
[26-01-20 18:26:53] [INFO    ] [DataLoadService|DataLoadService.load] 시작 params={'args': (<candle_data_manager.Core.Models.Symbol.Symbol object at 0x000001FFE0C67340>,), 'kwargs': {'limit': 3}}
[26-01-20 18:26:53] [INFO    ] [DataLoadService|DataLoadService.load] 종료 result=    timestamp     open     high     low    close  volume
0  1600000000  10000.0  10200.0  9900.0  10100.0   100.0
1  1600000060  10000.0  10200.0  9900.0  10100.0   100.0
2  1600000120  10000.0  10200.0  9900.0  10100.0   100.0
[26-01-20 18:26:53] [INFO    ] [DataLoadService|DataLoadService.__init__] 초기화 시작 params={'args': (<MagicMock id='2198499414640'>,)}
[26-01-20 18:26:53] [INFO    ] [DataLoadService|DataLoadService.__init__] 초기화 완료
[26-01-20 18:26:53] [INFO    ] [DataLoadService|DataLoadService.load] 시작 params={'args': (<candle_data_manager.Core.Models.Symbol.Symbol object at 0x000001FFE0C87A30>,)}
[26-01-20 18:26:53] [INFO    ] [DataLoadService|DataLoadService.load] 종료 result=   symbol_id   timestamp     open     high      low    close  volume
0          2  1600000000  10000.0  10200.0   9900.0  10100.0   100.0
1          2  1600003600  10100.0  10300.0  10000.0  10200.0   150.0
[26-01-20 18:26:53] [INFO    ] [DataLoadService|DataLoadService.__init__] 초기화 시작 params={'args': (<MagicMock id='2198499279200'>,)}
[26-01-20 18:26:53] [INFO    ] [DataLoadService|DataLoadService.__init__] 초기화 완료
[26-01-20 18:26:53] [INFO    ] [DataLoadService|DataLoadService.load] 시작 params={'args': (<candle_data_manager.Core.Models.Symbol.Symbol object at 0x000001FFE0C675B0>,)}
[26-01-20 18:26:53] [INFO    ] [DataLoadService|DataLoadService.load] 종료 result=Empty DataFrame
Columns: []
Index: []
[26-01-20 18:26:53] [INFO    ] [DataLoadService|DataLoadService.__init__] 초기화 시작 params={'args': (<MagicMock id='2198498942000'>,)}
[26-01-20 18:26:53] [INFO    ] [DataLoadService|DataLoadService.__init__] 초기화 완료
[26-01-20 18:26:53] [INFO    ] [DataLoadService|DataLoadService.load] 시작 params={'args': (<candle_data_manager.Core.Models.Symbol.Symbol object at 0x000001FFE0C05AE0>,), 'kwargs': {'limit': 1000}}
[26-01-20 18:26:53] [INFO    ] [DataLoadService|DataLoadService.load] 종료 result=    timestamp     open     high      low    close  volume
0  1600000000  10000.0  10200.0   9900.0  10100.0   100.0
1  1600000060  10100.0  10300.0  10000.0  10200.0   150.0
