\BOOKMARK [1][-]{section.1}{Single-site statistics}{}% 1
\BOOKMARK [2][-]{subsection.1.1}{Basic statistics}{section.1}% 2
\BOOKMARK [2][-]{subsection.1.2}{Weir and Cockerham's F-statistics}{section.1}% 3
\BOOKMARK [2][-]{subsection.1.3}{Differentiation statistics}{section.1}% 4
\BOOKMARK [2][-]{subsection.1.4}{Allele status}{section.1}% 5
\BOOKMARK [1][-]{section.2}{Multi-site statistics with unphased data}{}% 6
\BOOKMARK [2][-]{subsection.2.1}{Basic statistics}{section.2}% 7
\BOOKMARK [2][-]{subsection.2.2}{Neutrality tests without outgroup}{section.2}% 8
\BOOKMARK [2][-]{subsection.2.3}{Neutrality tests with outgroup}{section.2}% 9
\BOOKMARK [2][-]{subsection.2.4}{Paralog divergence}{section.2}% 10
\BOOKMARK [1][-]{section.3}{Multi-site statistics with phased data}{}% 11
\BOOKMARK [2][-]{subsection.3.1}{Basic statistics}{section.3}% 12
\BOOKMARK [2][-]{subsection.3.2}{Singleton-based statistics}{section.3}% 13
\BOOKMARK [2][-]{subsection.3.3}{Partition-based statistics}{section.3}% 14
\BOOKMARK [1][-]{section.4}{Haplotype analysis}{}% 15
\BOOKMARK [1][-]{section.5}{Linkage disequilibrium analyses}{}% 16
\BOOKMARK [2][-]{subsection.5.1}{Pairwise linkage disequilibrium}{section.5}% 17
\BOOKMARK [2][-]{subsection.5.2}{Linkage disequilibrium matrix}{section.5}% 18
\BOOKMARK [2][-]{subsection.5.3}{Rmin and d}{section.5}% 19
\BOOKMARK [1][-]{section.6}{Extended haplotype heterozygosity}{}% 20
\BOOKMARK [2][-]{subsection.6.1}{EHH with phased data}{section.6}% 21
\BOOKMARK [2][-]{subsection.6.2}{EHH with unphased data}{section.6}% 22
\BOOKMARK [1][-]{section.7}{Coding site analysis}{}% 23
\BOOKMARK [1][-]{section.8}{References}{}% 24
