time=2026-01-10T23:12:56.578+01:00 level=INFO msg="Daemon started (interval: %v, auto-commit: %v, auto-push: %v)" !BADKEY=5s !BADKEY=false !BADKEY=false
time=2026-01-10T23:12:56.580+01:00 level=INFO msg="using database" path=/Users/juanre/prj/pgdbm/.beads/beads.db
time=2026-01-10T23:12:56.584+01:00 level=INFO msg="database opened" path=/Users/juanre/prj/pgdbm/.beads/beads.db freshness_checking=true
time=2026-01-10T23:12:56.584+01:00 level=INFO msg="upgrading .beads/.gitignore"
time=2026-01-10T23:12:56.585+01:00 level=WARN msg="failed to upgrade .gitignore" error="open .beads/.gitignore: no such file or directory"
time=2026-01-10T23:12:56.592+01:00 level=INFO msg="Repository fingerprint validated: %s" !BADKEY=55c32ece
time=2026-01-10T23:12:56.592+01:00 level=WARN msg="database schema version mismatch" db_version=0.43.0 daemon_version=0.46.0
time=2026-01-10T23:12:56.592+01:00 level=INFO msg="auto-upgrading database to daemon version"
time=2026-01-10T23:12:56.592+01:00 level=INFO msg="database version updated" version=0.46.0
time=2026-01-10T23:12:56.592+01:00 level=INFO msg="starting RPC server" socket=/Users/juanre/prj/pgdbm/.beads/bd.sock
time=2026-01-10T23:12:56.593+01:00 level=INFO msg="RPC server ready (socket listening)"
time=2026-01-10T23:12:56.600+01:00 level=INFO msg="registered in global registry"
time=2026-01-10T23:12:56.600+01:00 level=INFO msg="Starting %s..." !BADKEY="sync cycle"
time=2026-01-10T23:12:56.602+01:00 level=INFO msg="Exported to JSONL"
time=2026-01-10T23:12:58.442+01:00 level=INFO msg="Pulled sync branch %s" !BADKEY=beads-sync
time=2026-01-10T23:12:58.442+01:00 level=INFO msg="Synced JSONL from sync branch to main repo"
time=2026-01-10T23:12:58.471+01:00 level=INFO msg="Imported from JSONL"
time=2026-01-10T23:12:58.489+01:00 level=INFO msg="Sync cycle complete"
time=2026-01-10T23:12:58.489+01:00 level=INFO msg="monitoring parent process" pid=0
time=2026-01-10T23:12:58.489+01:00 level=INFO msg="using event-driven mode"
time=2026-01-10T23:12:58.490+01:00 level=INFO msg="Auto-pull disabled: use 'git pull' manually to sync remote changes"
time=2026-01-10T23:13:01.978+01:00 level=INFO msg="File change detected: %s" !BADKEY=/Users/juanre/prj/pgdbm/.beads/issues.jsonl
time=2026-01-10T23:13:02.066+01:00 level=INFO msg="JSONL removed/renamed, re-establishing watch"
time=2026-01-10T23:13:02.117+01:00 level=INFO msg="Successfully re-established JSONL watch after %v" !BADKEY=50ms
time=2026-01-10T23:13:02.117+01:00 level=INFO msg="JSONL file created: %s" !BADKEY=/Users/juanre/prj/pgdbm/.beads/issues.jsonl
time=2026-01-10T23:13:03.118+01:00 level=INFO msg="Import triggered by file change"
time=2026-01-10T23:13:03.119+01:00 level=INFO msg="Starting %s..." !BADKEY=auto-import
time=2026-01-10T23:13:03.119+01:00 level=INFO msg="Skipping %s: JSONL content unchanged" !BADKEY=auto-import
time=2026-01-10T23:13:04.213+01:00 level=INFO msg="JSONL removed/renamed, re-establishing watch"
time=2026-01-10T23:13:04.264+01:00 level=INFO msg="Successfully re-established JSONL watch after %v" !BADKEY=50ms
time=2026-01-10T23:13:04.264+01:00 level=INFO msg="JSONL file created: %s" !BADKEY=/Users/juanre/prj/pgdbm/.beads/issues.jsonl
time=2026-01-10T23:13:04.388+01:00 level=INFO msg="JSONL removed/renamed, re-establishing watch"
time=2026-01-10T23:13:04.439+01:00 level=INFO msg="Successfully re-established JSONL watch after %v" !BADKEY=50ms
time=2026-01-10T23:13:04.439+01:00 level=INFO msg="JSONL file created: %s" !BADKEY=/Users/juanre/prj/pgdbm/.beads/issues.jsonl
time=2026-01-10T23:13:05.440+01:00 level=INFO msg="Import triggered by file change"
time=2026-01-10T23:13:05.440+01:00 level=INFO msg="Starting %s..." !BADKEY=auto-import
time=2026-01-10T23:13:05.441+01:00 level=INFO msg="Skipping %s: JSONL content unchanged" !BADKEY=auto-import
time=2026-01-11T08:53:14.980+01:00 level=INFO msg="JSONL removed/renamed, re-establishing watch"
time=2026-01-11T08:53:15.031+01:00 level=INFO msg="Successfully re-established JSONL watch after %v" !BADKEY=50ms
time=2026-01-11T08:53:15.031+01:00 level=INFO msg="JSONL file created: %s" !BADKEY=/Users/juanre/prj/pgdbm/.beads/issues.jsonl
time=2026-01-11T08:53:16.033+01:00 level=INFO msg="Import triggered by file change"
time=2026-01-11T08:53:16.034+01:00 level=INFO msg="Starting %s..." !BADKEY=auto-import
time=2026-01-11T08:53:16.034+01:00 level=INFO msg="JSONL content changed, proceeding with %s..." !BADKEY=auto-import
time=2026-01-11T08:53:17.678+01:00 level=INFO msg="Pulled sync branch %s" !BADKEY=beads-sync
time=2026-01-11T08:53:17.678+01:00 level=INFO msg="File change detected: %s" !BADKEY=/Users/juanre/prj/pgdbm/.beads/issues.jsonl
time=2026-01-11T08:53:17.678+01:00 level=INFO msg="Synced JSONL from sync branch to main repo"
time=2026-01-11T08:53:17.683+01:00 level=INFO msg="Imported from JSONL"
time=2026-01-11T08:53:17.683+01:00 level=INFO msg="Auto-import complete"
time=2026-01-11T08:53:18.680+01:00 level=INFO msg="Import triggered by file change"
time=2026-01-11T08:53:18.680+01:00 level=INFO msg="Starting %s..." !BADKEY=auto-import
time=2026-01-11T08:53:18.681+01:00 level=INFO msg="Skipping %s: JSONL content unchanged" !BADKEY=auto-import
time=2026-01-11T08:53:26.765+01:00 level=INFO msg="JSONL removed/renamed, re-establishing watch"
time=2026-01-11T08:53:26.816+01:00 level=INFO msg="Successfully re-established JSONL watch after %v" !BADKEY=50ms
time=2026-01-11T08:53:26.816+01:00 level=INFO msg="JSONL file created: %s" !BADKEY=/Users/juanre/prj/pgdbm/.beads/issues.jsonl
time=2026-01-11T08:53:27.818+01:00 level=INFO msg="Import triggered by file change"
time=2026-01-11T08:53:27.818+01:00 level=INFO msg="Starting %s..." !BADKEY=auto-import
time=2026-01-11T08:53:27.819+01:00 level=INFO msg="JSONL content changed, proceeding with %s..." !BADKEY=auto-import
time=2026-01-11T08:53:29.372+01:00 level=INFO msg="Pulled sync branch %s" !BADKEY=beads-sync
time=2026-01-11T08:53:29.372+01:00 level=INFO msg="File change detected: %s" !BADKEY=/Users/juanre/prj/pgdbm/.beads/issues.jsonl
time=2026-01-11T08:53:29.372+01:00 level=INFO msg="Synced JSONL from sync branch to main repo"
time=2026-01-11T08:53:29.376+01:00 level=INFO msg="Imported from JSONL"
time=2026-01-11T08:53:29.377+01:00 level=INFO msg="Auto-import complete"
time=2026-01-11T08:53:30.375+01:00 level=INFO msg="Import triggered by file change"
time=2026-01-11T08:53:30.375+01:00 level=INFO msg="Starting %s..." !BADKEY=auto-import
time=2026-01-11T08:53:30.375+01:00 level=INFO msg="Skipping %s: JSONL content unchanged" !BADKEY=auto-import
time=2026-01-11T09:04:29.233+01:00 level=INFO msg="Mutation detected: %s %s" create=pgdbm-dt3
time=2026-01-11T09:04:29.306+01:00 level=INFO msg="JSONL removed/renamed, re-establishing watch"
time=2026-01-11T09:04:29.357+01:00 level=INFO msg="Successfully re-established JSONL watch after %v" !BADKEY=50ms
time=2026-01-11T09:04:29.357+01:00 level=INFO msg="JSONL file created: %s" !BADKEY=/Users/juanre/prj/pgdbm/.beads/issues.jsonl
time=2026-01-11T09:04:29.734+01:00 level=INFO msg="Export triggered by mutation events"
time=2026-01-11T09:04:29.734+01:00 level=INFO msg="Starting %s..." !BADKEY=export
time=2026-01-11T09:04:29.735+01:00 level=INFO msg="Pre-export validation failed: %v" !BADKEY="refusing to export: JSONL content has changed since last import (import first to avoid data loss)"
time=2026-01-11T09:04:30.359+01:00 level=INFO msg="Import triggered by file change"
time=2026-01-11T09:04:30.359+01:00 level=INFO msg="Starting %s..." !BADKEY=auto-import
time=2026-01-11T09:04:30.360+01:00 level=INFO msg="JSONL content changed, proceeding with %s..." !BADKEY=auto-import
time=2026-01-11T09:04:32.021+01:00 level=INFO msg="Pulled sync branch %s" !BADKEY=beads-sync
time=2026-01-11T09:04:32.021+01:00 level=INFO msg="File change detected: %s" !BADKEY=/Users/juanre/prj/pgdbm/.beads/issues.jsonl
time=2026-01-11T09:04:32.021+01:00 level=INFO msg="Synced JSONL from sync branch to main repo"
time=2026-01-11T09:04:32.026+01:00 level=INFO msg="Imported from JSONL"
time=2026-01-11T09:04:32.027+01:00 level=INFO msg="Auto-import complete"
time=2026-01-11T09:04:33.023+01:00 level=INFO msg="Import triggered by file change"
time=2026-01-11T09:04:33.023+01:00 level=INFO msg="Starting %s..." !BADKEY=auto-import
time=2026-01-11T09:04:33.023+01:00 level=INFO msg="Skipping %s: JSONL content unchanged" !BADKEY=auto-import
time=2026-01-11T09:04:34.001+01:00 level=INFO msg="Mutation detected: %s %s" status=pgdbm-dt3
time=2026-01-11T09:04:34.068+01:00 level=INFO msg="JSONL removed/renamed, re-establishing watch"
time=2026-01-11T09:04:34.119+01:00 level=INFO msg="Successfully re-established JSONL watch after %v" !BADKEY=50ms
time=2026-01-11T09:04:34.119+01:00 level=INFO msg="JSONL file created: %s" !BADKEY=/Users/juanre/prj/pgdbm/.beads/issues.jsonl
time=2026-01-11T09:04:34.502+01:00 level=INFO msg="Export triggered by mutation events"
time=2026-01-11T09:04:34.502+01:00 level=INFO msg="Starting %s..." !BADKEY=export
time=2026-01-11T09:04:34.503+01:00 level=INFO msg="Pre-export validation failed: %v" !BADKEY="refusing to export: JSONL content has changed since last import (import first to avoid data loss)"
time=2026-01-11T09:04:35.121+01:00 level=INFO msg="Import triggered by file change"
time=2026-01-11T09:04:35.121+01:00 level=INFO msg="Starting %s..." !BADKEY=auto-import
time=2026-01-11T09:04:35.122+01:00 level=INFO msg="JSONL content changed, proceeding with %s..." !BADKEY=auto-import
time=2026-01-11T09:04:36.798+01:00 level=INFO msg="Pulled sync branch %s" !BADKEY=beads-sync
time=2026-01-11T09:04:36.798+01:00 level=INFO msg="File change detected: %s" !BADKEY=/Users/juanre/prj/pgdbm/.beads/issues.jsonl
time=2026-01-11T09:04:36.798+01:00 level=INFO msg="Synced JSONL from sync branch to main repo"
time=2026-01-11T09:04:36.803+01:00 level=INFO msg="Imported from JSONL"
time=2026-01-11T09:04:36.804+01:00 level=INFO msg="Auto-import complete"
time=2026-01-11T09:04:37.799+01:00 level=INFO msg="Import triggered by file change"
time=2026-01-11T09:04:37.800+01:00 level=INFO msg="Starting %s..." !BADKEY=auto-import
time=2026-01-11T09:04:37.800+01:00 level=INFO msg="Skipping %s: JSONL content unchanged" !BADKEY=auto-import
time=2026-01-11T09:07:30.104+01:00 level=INFO msg="JSONL removed/renamed, re-establishing watch"
time=2026-01-11T09:07:30.156+01:00 level=INFO msg="Successfully re-established JSONL watch after %v" !BADKEY=50ms
time=2026-01-11T09:07:30.156+01:00 level=INFO msg="JSONL file created: %s" !BADKEY=/Users/juanre/prj/pgdbm/.beads/issues.jsonl
time=2026-01-11T09:07:31.157+01:00 level=INFO msg="Import triggered by file change"
time=2026-01-11T09:07:31.157+01:00 level=INFO msg="Starting %s..." !BADKEY=auto-import
time=2026-01-11T09:07:31.157+01:00 level=INFO msg="JSONL content changed, proceeding with %s..." !BADKEY=auto-import
time=2026-01-11T09:07:32.801+01:00 level=INFO msg="Pulled sync branch %s" !BADKEY=beads-sync
time=2026-01-11T09:07:32.801+01:00 level=INFO msg="File change detected: %s" !BADKEY=/Users/juanre/prj/pgdbm/.beads/issues.jsonl
time=2026-01-11T09:07:32.801+01:00 level=INFO msg="Synced JSONL from sync branch to main repo"
time=2026-01-11T09:07:32.805+01:00 level=INFO msg="Imported from JSONL"
time=2026-01-11T09:07:32.805+01:00 level=INFO msg="Auto-import complete"
time=2026-01-11T09:07:33.803+01:00 level=INFO msg="Import triggered by file change"
time=2026-01-11T09:07:33.803+01:00 level=INFO msg="Starting %s..." !BADKEY=auto-import
time=2026-01-11T09:07:33.804+01:00 level=INFO msg="Skipping %s: JSONL content unchanged" !BADKEY=auto-import
time=2026-01-11T09:07:35.453+01:00 level=INFO msg="Mutation detected: %s %s" status=pgdbm-dt3
time=2026-01-11T09:07:35.518+01:00 level=INFO msg="JSONL removed/renamed, re-establishing watch"
time=2026-01-11T09:07:35.569+01:00 level=INFO msg="Successfully re-established JSONL watch after %v" !BADKEY=50ms
time=2026-01-11T09:07:35.569+01:00 level=INFO msg="JSONL file created: %s" !BADKEY=/Users/juanre/prj/pgdbm/.beads/issues.jsonl
time=2026-01-11T09:07:35.954+01:00 level=INFO msg="Export triggered by mutation events"
time=2026-01-11T09:07:35.954+01:00 level=INFO msg="Starting %s..." !BADKEY=export
time=2026-01-11T09:07:35.955+01:00 level=INFO msg="Pre-export validation failed: %v" !BADKEY="refusing to export: JSONL content has changed since last import (import first to avoid data loss)"
time=2026-01-11T09:07:36.571+01:00 level=INFO msg="Import triggered by file change"
time=2026-01-11T09:07:36.571+01:00 level=INFO msg="Starting %s..." !BADKEY=auto-import
time=2026-01-11T09:07:36.571+01:00 level=INFO msg="JSONL content changed, proceeding with %s..." !BADKEY=auto-import
time=2026-01-11T09:07:38.255+01:00 level=INFO msg="Pulled sync branch %s" !BADKEY=beads-sync
time=2026-01-11T09:07:38.255+01:00 level=INFO msg="File change detected: %s" !BADKEY=/Users/juanre/prj/pgdbm/.beads/issues.jsonl
time=2026-01-11T09:07:38.255+01:00 level=INFO msg="Synced JSONL from sync branch to main repo"
time=2026-01-11T09:07:38.261+01:00 level=INFO msg="Imported from JSONL"
time=2026-01-11T09:07:38.261+01:00 level=INFO msg="Auto-import complete"
time=2026-01-11T09:07:39.256+01:00 level=INFO msg="Import triggered by file change"
time=2026-01-11T09:07:39.256+01:00 level=INFO msg="Starting %s..." !BADKEY=auto-import
time=2026-01-11T09:07:39.257+01:00 level=INFO msg="Skipping %s: JSONL content unchanged" !BADKEY=auto-import
time=2026-01-11T09:07:39.268+01:00 level=INFO msg="JSONL removed/renamed, re-establishing watch"
time=2026-01-11T09:07:39.320+01:00 level=INFO msg="Successfully re-established JSONL watch after %v" !BADKEY=50ms
time=2026-01-11T09:07:39.320+01:00 level=INFO msg="JSONL file created: %s" !BADKEY=/Users/juanre/prj/pgdbm/.beads/issues.jsonl
time=2026-01-11T09:07:40.322+01:00 level=INFO msg="Import triggered by file change"
time=2026-01-11T09:07:40.322+01:00 level=INFO msg="Starting %s..." !BADKEY=auto-import
time=2026-01-11T09:07:40.322+01:00 level=INFO msg="JSONL content changed, proceeding with %s..." !BADKEY=auto-import
time=2026-01-11T09:07:42.079+01:00 level=INFO msg="Pulled sync branch %s" !BADKEY=beads-sync
time=2026-01-11T09:07:42.079+01:00 level=INFO msg="File change detected: %s" !BADKEY=/Users/juanre/prj/pgdbm/.beads/issues.jsonl
time=2026-01-11T09:07:42.079+01:00 level=INFO msg="Synced JSONL from sync branch to main repo"
time=2026-01-11T09:07:42.083+01:00 level=INFO msg="Imported from JSONL"
time=2026-01-11T09:07:42.085+01:00 level=INFO msg="Auto-import complete"
time=2026-01-11T09:07:43.081+01:00 level=INFO msg="Import triggered by file change"
time=2026-01-11T09:07:43.081+01:00 level=INFO msg="Starting %s..." !BADKEY=auto-import
time=2026-01-11T09:07:43.082+01:00 level=INFO msg="JSONL content changed, proceeding with %s..." !BADKEY=auto-import
time=2026-01-11T09:07:44.505+01:00 level=INFO msg="File change detected: %s" !BADKEY=/Users/juanre/prj/pgdbm/.beads/issues.jsonl
time=2026-01-11T09:07:44.624+01:00 level=INFO msg="JSONL removed/renamed, re-establishing watch"
time=2026-01-11T09:07:44.675+01:00 level=INFO msg="Successfully re-established JSONL watch after %v" !BADKEY=50ms
time=2026-01-11T09:07:44.675+01:00 level=INFO msg="JSONL file created: %s" !BADKEY=/Users/juanre/prj/pgdbm/.beads/issues.jsonl
time=2026-01-11T09:07:44.803+01:00 level=INFO msg="JSONL removed/renamed, re-establishing watch"
time=2026-01-11T09:07:44.854+01:00 level=INFO msg="Successfully re-established JSONL watch after %v" !BADKEY=50ms
time=2026-01-11T09:07:44.854+01:00 level=INFO msg="JSONL file created: %s" !BADKEY=/Users/juanre/prj/pgdbm/.beads/issues.jsonl
time=2026-01-11T09:07:44.889+01:00 level=INFO msg="Pulled sync branch %s" !BADKEY=beads-sync
time=2026-01-11T09:07:44.889+01:00 level=INFO msg="Synced JSONL from sync branch to main repo"
time=2026-01-11T09:07:44.894+01:00 level=INFO msg="Imported from JSONL"
time=2026-01-11T09:07:44.895+01:00 level=INFO msg="Auto-import complete"
time=2026-01-11T09:07:45.891+01:00 level=INFO msg="Import triggered by file change"
time=2026-01-11T09:07:45.892+01:00 level=INFO msg="Starting %s..." !BADKEY=auto-import
time=2026-01-11T09:07:45.892+01:00 level=INFO msg="Skipping %s: JSONL content unchanged" !BADKEY=auto-import
time=2026-01-11T09:26:43.150+01:00 level=INFO msg="JSONL removed/renamed, re-establishing watch"
time=2026-01-11T09:26:43.201+01:00 level=INFO msg="Successfully re-established JSONL watch after %v" !BADKEY=50ms
time=2026-01-11T09:26:43.201+01:00 level=INFO msg="JSONL file created: %s" !BADKEY=/Users/juanre/prj/pgdbm/.beads/issues.jsonl
time=2026-01-11T09:26:44.203+01:00 level=INFO msg="Import triggered by file change"
time=2026-01-11T09:26:44.203+01:00 level=INFO msg="Starting %s..." !BADKEY=auto-import
time=2026-01-11T09:26:44.204+01:00 level=INFO msg="JSONL content changed, proceeding with %s..." !BADKEY=auto-import
time=2026-01-11T09:26:45.923+01:00 level=INFO msg="Pulled sync branch %s" !BADKEY=beads-sync
time=2026-01-11T09:26:45.923+01:00 level=INFO msg="File change detected: %s" !BADKEY=/Users/juanre/prj/pgdbm/.beads/issues.jsonl
time=2026-01-11T09:26:45.923+01:00 level=INFO msg="Synced JSONL from sync branch to main repo"
time=2026-01-11T09:26:45.928+01:00 level=INFO msg="Imported from JSONL"
time=2026-01-11T09:26:45.928+01:00 level=INFO msg="Auto-import complete"
time=2026-01-11T09:26:46.925+01:00 level=INFO msg="Import triggered by file change"
time=2026-01-11T09:26:46.925+01:00 level=INFO msg="Starting %s..." !BADKEY=auto-import
time=2026-01-11T09:26:46.925+01:00 level=INFO msg="Skipping %s: JSONL content unchanged" !BADKEY=auto-import
time=2026-01-11T09:26:49.518+01:00 level=INFO msg="JSONL removed/renamed, re-establishing watch"
time=2026-01-11T09:26:49.569+01:00 level=INFO msg="Successfully re-established JSONL watch after %v" !BADKEY=50ms
time=2026-01-11T09:26:49.569+01:00 level=INFO msg="JSONL file created: %s" !BADKEY=/Users/juanre/prj/pgdbm/.beads/issues.jsonl
time=2026-01-11T09:26:50.571+01:00 level=INFO msg="Import triggered by file change"
time=2026-01-11T09:26:50.571+01:00 level=INFO msg="Starting %s..." !BADKEY=auto-import
time=2026-01-11T09:26:50.571+01:00 level=INFO msg="JSONL content changed, proceeding with %s..." !BADKEY=auto-import
time=2026-01-11T09:26:52.320+01:00 level=INFO msg="Pulled sync branch %s" !BADKEY=beads-sync
time=2026-01-11T09:26:52.320+01:00 level=INFO msg="File change detected: %s" !BADKEY=/Users/juanre/prj/pgdbm/.beads/issues.jsonl
time=2026-01-11T09:26:52.320+01:00 level=INFO msg="Synced JSONL from sync branch to main repo"
time=2026-01-11T09:26:52.324+01:00 level=INFO msg="Imported from JSONL"
time=2026-01-11T09:26:52.324+01:00 level=INFO msg="Auto-import complete"
time=2026-01-11T09:26:53.323+01:00 level=INFO msg="Import triggered by file change"
time=2026-01-11T09:26:53.323+01:00 level=INFO msg="Starting %s..." !BADKEY=auto-import
time=2026-01-11T09:26:53.323+01:00 level=INFO msg="Skipping %s: JSONL content unchanged" !BADKEY=auto-import
time=2026-01-11T09:44:54.249+01:00 level=INFO msg="JSONL removed/renamed, re-establishing watch"
time=2026-01-11T09:44:54.300+01:00 level=INFO msg="Successfully re-established JSONL watch after %v" !BADKEY=50ms
time=2026-01-11T09:44:54.300+01:00 level=INFO msg="JSONL file created: %s" !BADKEY=/Users/juanre/prj/pgdbm/.beads/issues.jsonl
time=2026-01-11T09:44:55.302+01:00 level=INFO msg="Import triggered by file change"
time=2026-01-11T09:44:55.302+01:00 level=INFO msg="Starting %s..." !BADKEY=auto-import
time=2026-01-11T09:44:55.303+01:00 level=INFO msg="JSONL content changed, proceeding with %s..." !BADKEY=auto-import
time=2026-01-11T09:44:56.962+01:00 level=INFO msg="Pulled sync branch %s" !BADKEY=beads-sync
time=2026-01-11T09:44:56.963+01:00 level=INFO msg="File change detected: %s" !BADKEY=/Users/juanre/prj/pgdbm/.beads/issues.jsonl
time=2026-01-11T09:44:56.963+01:00 level=INFO msg="Synced JSONL from sync branch to main repo"
time=2026-01-11T09:44:56.969+01:00 level=INFO msg="Imported from JSONL"
time=2026-01-11T09:44:56.970+01:00 level=INFO msg="Auto-import complete"
time=2026-01-11T09:44:57.965+01:00 level=INFO msg="Import triggered by file change"
time=2026-01-11T09:44:57.965+01:00 level=INFO msg="Starting %s..." !BADKEY=auto-import
time=2026-01-11T09:44:57.966+01:00 level=INFO msg="Skipping %s: JSONL content unchanged" !BADKEY=auto-import
time=2026-01-11T09:45:26.804+01:00 level=INFO msg="JSONL removed/renamed, re-establishing watch"
time=2026-01-11T09:45:26.855+01:00 level=INFO msg="Successfully re-established JSONL watch after %v" !BADKEY=50ms
time=2026-01-11T09:45:26.855+01:00 level=INFO msg="JSONL file created: %s" !BADKEY=/Users/juanre/prj/pgdbm/.beads/issues.jsonl
time=2026-01-11T09:45:27.857+01:00 level=INFO msg="Import triggered by file change"
time=2026-01-11T09:45:27.857+01:00 level=INFO msg="Starting %s..." !BADKEY=auto-import
time=2026-01-11T09:45:27.858+01:00 level=INFO msg="JSONL content changed, proceeding with %s..." !BADKEY=auto-import
time=2026-01-11T09:45:29.712+01:00 level=INFO msg="Pulled sync branch %s" !BADKEY=beads-sync
time=2026-01-11T09:45:29.713+01:00 level=INFO msg="File change detected: %s" !BADKEY=/Users/juanre/prj/pgdbm/.beads/issues.jsonl
time=2026-01-11T09:45:29.713+01:00 level=INFO msg="Synced JSONL from sync branch to main repo"
time=2026-01-11T09:45:29.718+01:00 level=INFO msg="Imported from JSONL"
time=2026-01-11T09:45:29.720+01:00 level=INFO msg="Auto-import complete"
time=2026-01-11T09:45:30.715+01:00 level=INFO msg="Import triggered by file change"
time=2026-01-11T09:45:30.715+01:00 level=INFO msg="Starting %s..." !BADKEY=auto-import
time=2026-01-11T09:45:30.715+01:00 level=INFO msg="JSONL content changed, proceeding with %s..." !BADKEY=auto-import
time=2026-01-11T09:45:32.232+01:00 level=INFO msg="File change detected: %s" !BADKEY=/Users/juanre/prj/pgdbm/.beads/issues.jsonl
time=2026-01-11T09:45:32.355+01:00 level=INFO msg="JSONL removed/renamed, re-establishing watch"
time=2026-01-11T09:45:32.406+01:00 level=INFO msg="Successfully re-established JSONL watch after %v" !BADKEY=50ms
time=2026-01-11T09:45:32.407+01:00 level=INFO msg="JSONL file created: %s" !BADKEY=/Users/juanre/prj/pgdbm/.beads/issues.jsonl
time=2026-01-11T09:45:32.529+01:00 level=INFO msg="JSONL removed/renamed, re-establishing watch"
time=2026-01-11T09:45:32.580+01:00 level=INFO msg="Successfully re-established JSONL watch after %v" !BADKEY=50ms
time=2026-01-11T09:45:32.580+01:00 level=INFO msg="JSONL file created: %s" !BADKEY=/Users/juanre/prj/pgdbm/.beads/issues.jsonl
time=2026-01-11T09:45:32.587+01:00 level=INFO msg="Pulled sync branch %s" !BADKEY=beads-sync
time=2026-01-11T09:45:32.587+01:00 level=INFO msg="Synced JSONL from sync branch to main repo"
time=2026-01-11T09:45:32.592+01:00 level=INFO msg="Imported from JSONL"
time=2026-01-11T09:45:32.592+01:00 level=INFO msg="Auto-import complete"
time=2026-01-11T09:45:33.588+01:00 level=INFO msg="Import triggered by file change"
time=2026-01-11T09:45:33.588+01:00 level=INFO msg="Starting %s..." !BADKEY=auto-import
time=2026-01-11T09:45:33.589+01:00 level=INFO msg="Skipping %s: JSONL content unchanged" !BADKEY=auto-import
time=2026-01-11T10:39:12.656+01:00 level=INFO msg="Received signal %v, shutting down..." !BADKEY=terminated
